{"/Users/yuchenwang/cis557/fall-2021-project-group-centric-social-network-team-30/server/routes.js": {"path":"/Users/yuchenwang/cis557/fall-2021-project-group-centric-social-network-team-30/server/routes.js","statementMap":{"0":{"start":{"line":1,"column":14},"end":{"line":1,"column":30}},"1":{"start":{"line":2,"column":15},"end":{"line":2,"column":35}},"2":{"start":{"line":3,"column":0},"end":{"line":3,"column":27}},"3":{"start":{"line":4,"column":13},"end":{"line":4,"column":28}},"4":{"start":{"line":5,"column":15},"end":{"line":5,"column":32}},"5":{"start":{"line":7,"column":18},"end":{"line":7,"column":31}},"6":{"start":{"line":8,"column":18},"end":{"line":8,"column":52}},"7":{"start":{"line":9,"column":11},"end":{"line":9,"column":29}},"8":{"start":{"line":11,"column":19},"end":{"line":17,"column":2}},"9":{"start":{"line":18,"column":0},"end":{"line":18,"column":21}},"10":{"start":{"line":21,"column":17},"end":{"line":21,"column":34}},"11":{"start":{"line":22,"column":2},"end":{"line":61,"column":3}},"12":{"start":{"line":23,"column":4},"end":{"line":23,"column":20}},"13":{"start":{"line":24,"column":4},"end":{"line":24,"column":53}},"14":{"start":{"line":26,"column":21},"end":{"line":26,"column":70}},"15":{"start":{"line":28,"column":22},"end":{"line":28,"column":111}},"16":{"start":{"line":30,"column":4},"end":{"line":36,"column":5}},"17":{"start":{"line":31,"column":6},"end":{"line":31,"column":39}},"18":{"start":{"line":33,"column":6},"end":{"line":33,"column":22}},"19":{"start":{"line":34,"column":6},"end":{"line":34,"column":47}},"20":{"start":{"line":35,"column":6},"end":{"line":35,"column":13}},"21":{"start":{"line":38,"column":35},"end":{"line":38,"column":43}},"22":{"start":{"line":40,"column":4},"end":{"line":60,"column":5}},"23":{"start":{"line":41,"column":6},"end":{"line":41,"column":22}},"24":{"start":{"line":42,"column":6},"end":{"line":42,"column":47}},"25":{"start":{"line":44,"column":6},"end":{"line":59,"column":9}},"26":{"start":{"line":46,"column":8},"end":{"line":58,"column":9}},"27":{"start":{"line":47,"column":10},"end":{"line":47,"column":26}},"28":{"start":{"line":48,"column":10},"end":{"line":48,"column":58}},"29":{"start":{"line":49,"column":15},"end":{"line":58,"column":9}},"30":{"start":{"line":50,"column":10},"end":{"line":50,"column":26}},"31":{"start":{"line":51,"column":10},"end":{"line":51,"column":65}},"32":{"start":{"line":52,"column":15},"end":{"line":58,"column":9}},"33":{"start":{"line":53,"column":10},"end":{"line":53,"column":35}},"34":{"start":{"line":54,"column":10},"end":{"line":54,"column":17}},"35":{"start":{"line":56,"column":10},"end":{"line":56,"column":26}},"36":{"start":{"line":57,"column":10},"end":{"line":57,"column":71}},"37":{"start":{"line":65,"column":33},"end":{"line":65,"column":41}},"38":{"start":{"line":66,"column":23},"end":{"line":66,"column":39}},"39":{"start":{"line":67,"column":17},"end":{"line":67,"column":26}},"40":{"start":{"line":68,"column":2},"end":{"line":95,"column":5}},"41":{"start":{"line":70,"column":4},"end":{"line":94,"column":5}},"42":{"start":{"line":71,"column":6},"end":{"line":77,"column":7}},"43":{"start":{"line":72,"column":8},"end":{"line":72,"column":24}},"44":{"start":{"line":73,"column":8},"end":{"line":73,"column":48}},"45":{"start":{"line":75,"column":8},"end":{"line":75,"column":24}},"46":{"start":{"line":76,"column":8},"end":{"line":76,"column":28}},"47":{"start":{"line":78,"column":11},"end":{"line":94,"column":5}},"48":{"start":{"line":79,"column":6},"end":{"line":79,"column":22}},"49":{"start":{"line":80,"column":21},"end":{"line":80,"column":68}},"50":{"start":{"line":81,"column":24},"end":{"line":84,"column":7}},"51":{"start":{"line":85,"column":26},"end":{"line":85,"column":51}},"52":{"start":{"line":86,"column":24},"end":{"line":86,"column":99}},"53":{"start":{"line":87,"column":6},"end":{"line":92,"column":9}},"54":{"start":{"line":93,"column":6},"end":{"line":93,"column":65}},"55":{"start":{"line":99,"column":33},"end":{"line":99,"column":41}},"56":{"start":{"line":100,"column":2},"end":{"line":128,"column":5}},"57":{"start":{"line":102,"column":4},"end":{"line":127,"column":5}},"58":{"start":{"line":103,"column":6},"end":{"line":103,"column":22}},"59":{"start":{"line":104,"column":6},"end":{"line":104,"column":26}},"60":{"start":{"line":105,"column":11},"end":{"line":127,"column":5}},"61":{"start":{"line":106,"column":6},"end":{"line":106,"column":22}},"62":{"start":{"line":107,"column":6},"end":{"line":107,"column":31}},"63":{"start":{"line":108,"column":11},"end":{"line":127,"column":5}},"64":{"start":{"line":109,"column":21},"end":{"line":109,"column":68}},"65":{"start":{"line":110,"column":24},"end":{"line":113,"column":7}},"66":{"start":{"line":114,"column":26},"end":{"line":114,"column":51}},"67":{"start":{"line":115,"column":24},"end":{"line":115,"column":99}},"68":{"start":{"line":116,"column":6},"end":{"line":121,"column":9}},"69":{"start":{"line":122,"column":6},"end":{"line":122,"column":22}},"70":{"start":{"line":123,"column":6},"end":{"line":123,"column":64}},"71":{"start":{"line":125,"column":6},"end":{"line":125,"column":22}},"72":{"start":{"line":126,"column":6},"end":{"line":126,"column":50}},"73":{"start":{"line":132,"column":2},"end":{"line":132,"column":18}},"74":{"start":{"line":133,"column":2},"end":{"line":133,"column":27}},"75":{"start":{"line":134,"column":2},"end":{"line":134,"column":32}},"76":{"start":{"line":138,"column":16},"end":{"line":138,"column":40}},"77":{"start":{"line":139,"column":16},"end":{"line":139,"column":40}},"78":{"start":{"line":140,"column":15},"end":{"line":140,"column":38}},"79":{"start":{"line":141,"column":17},"end":{"line":141,"column":40}},"80":{"start":{"line":142,"column":23},"end":{"line":142,"column":26}},"81":{"start":{"line":144,"column":2},"end":{"line":153,"column":5}},"82":{"start":{"line":146,"column":4},"end":{"line":152,"column":5}},"83":{"start":{"line":147,"column":6},"end":{"line":147,"column":22}},"84":{"start":{"line":148,"column":6},"end":{"line":148,"column":26}},"85":{"start":{"line":150,"column":6},"end":{"line":150,"column":22}},"86":{"start":{"line":151,"column":6},"end":{"line":151,"column":24}},"87":{"start":{"line":157,"column":23},"end":{"line":157,"column":26}},"88":{"start":{"line":158,"column":26},"end":{"line":158,"column":34}},"89":{"start":{"line":160,"column":23},"end":{"line":160,"column":42}},"90":{"start":{"line":162,"column":2},"end":{"line":184,"column":5}},"91":{"start":{"line":164,"column":4},"end":{"line":183,"column":5}},"92":{"start":{"line":165,"column":6},"end":{"line":165,"column":22}},"93":{"start":{"line":166,"column":6},"end":{"line":166,"column":26}},"94":{"start":{"line":168,"column":6},"end":{"line":168,"column":22}},"95":{"start":{"line":169,"column":21},"end":{"line":169,"column":68}},"96":{"start":{"line":170,"column":24},"end":{"line":173,"column":7}},"97":{"start":{"line":174,"column":26},"end":{"line":174,"column":51}},"98":{"start":{"line":175,"column":24},"end":{"line":175,"column":99}},"99":{"start":{"line":176,"column":6},"end":{"line":181,"column":9}},"100":{"start":{"line":182,"column":6},"end":{"line":182,"column":24}},"101":{"start":{"line":188,"column":23},"end":{"line":188,"column":26}},"102":{"start":{"line":189,"column":2},"end":{"line":199,"column":7}},"103":{"start":{"line":191,"column":6},"end":{"line":198,"column":7}},"104":{"start":{"line":192,"column":8},"end":{"line":192,"column":24}},"105":{"start":{"line":193,"column":8},"end":{"line":193,"column":28}},"106":{"start":{"line":195,"column":8},"end":{"line":195,"column":24}},"107":{"start":{"line":196,"column":8},"end":{"line":196,"column":33}},"108":{"start":{"line":197,"column":8},"end":{"line":197,"column":26}},"109":{"start":{"line":203,"column":23},"end":{"line":203,"column":33}},"110":{"start":{"line":204,"column":2},"end":{"line":216,"column":7}},"111":{"start":{"line":206,"column":6},"end":{"line":215,"column":7}},"112":{"start":{"line":207,"column":8},"end":{"line":207,"column":24}},"113":{"start":{"line":208,"column":8},"end":{"line":208,"column":28}},"114":{"start":{"line":209,"column":13},"end":{"line":215,"column":7}},"115":{"start":{"line":210,"column":8},"end":{"line":210,"column":24}},"116":{"start":{"line":211,"column":8},"end":{"line":211,"column":46}},"117":{"start":{"line":213,"column":8},"end":{"line":213,"column":24}},"118":{"start":{"line":214,"column":8},"end":{"line":214,"column":29}},"119":{"start":{"line":220,"column":17},"end":{"line":220,"column":32}},"120":{"start":{"line":222,"column":25},"end":{"line":222,"column":33}},"121":{"start":{"line":223,"column":18},"end":{"line":223,"column":27}},"122":{"start":{"line":224,"column":19},"end":{"line":224,"column":36}},"123":{"start":{"line":226,"column":2},"end":{"line":269,"column":5}},"124":{"start":{"line":228,"column":4},"end":{"line":268,"column":5}},"125":{"start":{"line":229,"column":6},"end":{"line":235,"column":7}},"126":{"start":{"line":230,"column":8},"end":{"line":230,"column":24}},"127":{"start":{"line":231,"column":8},"end":{"line":231,"column":48}},"128":{"start":{"line":233,"column":8},"end":{"line":233,"column":24}},"129":{"start":{"line":234,"column":8},"end":{"line":234,"column":28}},"130":{"start":{"line":237,"column":6},"end":{"line":267,"column":9}},"131":{"start":{"line":239,"column":8},"end":{"line":266,"column":9}},"132":{"start":{"line":240,"column":10},"end":{"line":240,"column":26}},"133":{"start":{"line":241,"column":10},"end":{"line":241,"column":31}},"134":{"start":{"line":243,"column":10},"end":{"line":265,"column":13}},"135":{"start":{"line":245,"column":12},"end":{"line":264,"column":13}},"136":{"start":{"line":246,"column":14},"end":{"line":246,"column":30}},"137":{"start":{"line":247,"column":14},"end":{"line":247,"column":35}},"138":{"start":{"line":249,"column":30},"end":{"line":249,"column":38}},"139":{"start":{"line":250,"column":22},"end":{"line":250,"column":71}},"140":{"start":{"line":251,"column":14},"end":{"line":253,"column":15}},"141":{"start":{"line":251,"column":27},"end":{"line":251,"column":28}},"142":{"start":{"line":252,"column":16},"end":{"line":252,"column":62}},"143":{"start":{"line":254,"column":14},"end":{"line":254,"column":72}},"144":{"start":{"line":255,"column":14},"end":{"line":263,"column":17}},"145":{"start":{"line":256,"column":16},"end":{"line":262,"column":17}},"146":{"start":{"line":257,"column":18},"end":{"line":257,"column":34}},"147":{"start":{"line":258,"column":18},"end":{"line":258,"column":39}},"148":{"start":{"line":260,"column":18},"end":{"line":260,"column":34}},"149":{"start":{"line":261,"column":18},"end":{"line":261,"column":56}},"150":{"start":{"line":273,"column":2},"end":{"line":286,"column":5}},"151":{"start":{"line":279,"column":4},"end":{"line":285,"column":5}},"152":{"start":{"line":280,"column":6},"end":{"line":280,"column":22}},"153":{"start":{"line":281,"column":6},"end":{"line":281,"column":26}},"154":{"start":{"line":283,"column":6},"end":{"line":283,"column":22}},"155":{"start":{"line":284,"column":6},"end":{"line":284,"column":24}},"156":{"start":{"line":290,"column":2},"end":{"line":298,"column":5}},"157":{"start":{"line":291,"column":4},"end":{"line":297,"column":5}},"158":{"start":{"line":292,"column":6},"end":{"line":292,"column":22}},"159":{"start":{"line":293,"column":6},"end":{"line":293,"column":26}},"160":{"start":{"line":295,"column":6},"end":{"line":295,"column":22}},"161":{"start":{"line":296,"column":6},"end":{"line":296,"column":24}},"162":{"start":{"line":302,"column":19},"end":{"line":302,"column":27}},"163":{"start":{"line":303,"column":2},"end":{"line":321,"column":3}},"164":{"start":{"line":304,"column":18},"end":{"line":304,"column":27}},"165":{"start":{"line":306,"column":4},"end":{"line":320,"column":7}},"166":{"start":{"line":308,"column":6},"end":{"line":319,"column":7}},"167":{"start":{"line":309,"column":8},"end":{"line":315,"column":9}},"168":{"start":{"line":310,"column":10},"end":{"line":310,"column":26}},"169":{"start":{"line":311,"column":10},"end":{"line":311,"column":50}},"170":{"start":{"line":313,"column":10},"end":{"line":313,"column":26}},"171":{"start":{"line":314,"column":10},"end":{"line":314,"column":30}},"172":{"start":{"line":317,"column":8},"end":{"line":317,"column":24}},"173":{"start":{"line":318,"column":8},"end":{"line":318,"column":38}},"174":{"start":{"line":325,"column":17},"end":{"line":325,"column":32}},"175":{"start":{"line":326,"column":22},"end":{"line":326,"column":32}},"176":{"start":{"line":327,"column":49},"end":{"line":327,"column":57}},"177":{"start":{"line":328,"column":21},"end":{"line":328,"column":79}},"178":{"start":{"line":330,"column":17},"end":{"line":330,"column":26}},"179":{"start":{"line":332,"column":2},"end":{"line":342,"column":5}},"180":{"start":{"line":335,"column":4},"end":{"line":341,"column":5}},"181":{"start":{"line":336,"column":6},"end":{"line":336,"column":22}},"182":{"start":{"line":337,"column":6},"end":{"line":337,"column":26}},"183":{"start":{"line":339,"column":6},"end":{"line":339,"column":22}},"184":{"start":{"line":340,"column":6},"end":{"line":340,"column":31}},"185":{"start":{"line":346,"column":21},"end":{"line":346,"column":31}},"186":{"start":{"line":347,"column":17},"end":{"line":347,"column":32}},"187":{"start":{"line":349,"column":2},"end":{"line":358,"column":5}},"188":{"start":{"line":351,"column":4},"end":{"line":357,"column":5}},"189":{"start":{"line":352,"column":6},"end":{"line":352,"column":22}},"190":{"start":{"line":353,"column":6},"end":{"line":353,"column":26}},"191":{"start":{"line":355,"column":6},"end":{"line":355,"column":22}},"192":{"start":{"line":356,"column":6},"end":{"line":356,"column":24}},"193":{"start":{"line":362,"column":21},"end":{"line":362,"column":31}},"194":{"start":{"line":363,"column":2},"end":{"line":371,"column":5}},"195":{"start":{"line":364,"column":4},"end":{"line":370,"column":5}},"196":{"start":{"line":365,"column":6},"end":{"line":365,"column":22}},"197":{"start":{"line":366,"column":6},"end":{"line":366,"column":26}},"198":{"start":{"line":368,"column":6},"end":{"line":368,"column":22}},"199":{"start":{"line":369,"column":6},"end":{"line":369,"column":24}},"200":{"start":{"line":375,"column":21},"end":{"line":375,"column":31}},"201":{"start":{"line":376,"column":17},"end":{"line":376,"column":32}},"202":{"start":{"line":377,"column":2},"end":{"line":391,"column":5}},"203":{"start":{"line":379,"column":4},"end":{"line":390,"column":5}},"204":{"start":{"line":380,"column":6},"end":{"line":386,"column":7}},"205":{"start":{"line":381,"column":8},"end":{"line":381,"column":24}},"206":{"start":{"line":382,"column":8},"end":{"line":382,"column":48}},"207":{"start":{"line":384,"column":8},"end":{"line":384,"column":24}},"208":{"start":{"line":385,"column":8},"end":{"line":385,"column":28}},"209":{"start":{"line":388,"column":6},"end":{"line":388,"column":22}},"210":{"start":{"line":389,"column":6},"end":{"line":389,"column":35}},"211":{"start":{"line":395,"column":17},"end":{"line":395,"column":32}},"212":{"start":{"line":396,"column":2},"end":{"line":404,"column":5}},"213":{"start":{"line":397,"column":4},"end":{"line":403,"column":5}},"214":{"start":{"line":398,"column":6},"end":{"line":398,"column":22}},"215":{"start":{"line":399,"column":6},"end":{"line":399,"column":26}},"216":{"start":{"line":401,"column":6},"end":{"line":401,"column":22}},"217":{"start":{"line":402,"column":6},"end":{"line":402,"column":24}},"218":{"start":{"line":408,"column":24},"end":{"line":408,"column":34}},"219":{"start":{"line":409,"column":17},"end":{"line":409,"column":32}},"220":{"start":{"line":410,"column":2},"end":{"line":419,"column":7}},"221":{"start":{"line":412,"column":6},"end":{"line":418,"column":7}},"222":{"start":{"line":413,"column":8},"end":{"line":413,"column":24}},"223":{"start":{"line":414,"column":8},"end":{"line":414,"column":28}},"224":{"start":{"line":416,"column":8},"end":{"line":416,"column":24}},"225":{"start":{"line":417,"column":8},"end":{"line":417,"column":26}},"226":{"start":{"line":423,"column":17},"end":{"line":423,"column":32}},"227":{"start":{"line":424,"column":2},"end":{"line":434,"column":5}},"228":{"start":{"line":427,"column":4},"end":{"line":433,"column":5}},"229":{"start":{"line":428,"column":6},"end":{"line":428,"column":22}},"230":{"start":{"line":429,"column":6},"end":{"line":429,"column":26}},"231":{"start":{"line":431,"column":6},"end":{"line":431,"column":22}},"232":{"start":{"line":432,"column":6},"end":{"line":432,"column":24}},"233":{"start":{"line":438,"column":22},"end":{"line":438,"column":32}},"234":{"start":{"line":439,"column":2},"end":{"line":451,"column":5}},"235":{"start":{"line":444,"column":4},"end":{"line":450,"column":5}},"236":{"start":{"line":445,"column":6},"end":{"line":445,"column":22}},"237":{"start":{"line":446,"column":6},"end":{"line":446,"column":26}},"238":{"start":{"line":448,"column":6},"end":{"line":448,"column":22}},"239":{"start":{"line":449,"column":6},"end":{"line":449,"column":27}},"240":{"start":{"line":454,"column":0},"end":{"line":475,"column":2}}},"fnMap":{"0":{"name":"checkCookie","decl":{"start":{"line":20,"column":15},"end":{"line":20,"column":26}},"loc":{"start":{"line":20,"column":43},"end":{"line":62,"column":1}},"line":20},"1":{"name":"(anonymous_1)","decl":{"start":{"line":45,"column":35},"end":{"line":45,"column":36}},"loc":{"start":{"line":45,"column":55},"end":{"line":59,"column":7}},"line":45},"2":{"name":"createUser","decl":{"start":{"line":64,"column":15},"end":{"line":64,"column":25}},"loc":{"start":{"line":64,"column":36},"end":{"line":96,"column":1}},"line":64},"3":{"name":"(anonymous_3)","decl":{"start":{"line":69,"column":106},"end":{"line":69,"column":107}},"loc":{"start":{"line":69,"column":126},"end":{"line":95,"column":3}},"line":69},"4":{"name":"loginUser","decl":{"start":{"line":98,"column":15},"end":{"line":98,"column":24}},"loc":{"start":{"line":98,"column":35},"end":{"line":129,"column":1}},"line":98},"5":{"name":"(anonymous_5)","decl":{"start":{"line":101,"column":31},"end":{"line":101,"column":32}},"loc":{"start":{"line":101,"column":51},"end":{"line":128,"column":3}},"line":101},"6":{"name":"logout","decl":{"start":{"line":131,"column":15},"end":{"line":131,"column":21}},"loc":{"start":{"line":131,"column":32},"end":{"line":135,"column":1}},"line":131},"7":{"name":"updateUser","decl":{"start":{"line":137,"column":15},"end":{"line":137,"column":25}},"loc":{"start":{"line":137,"column":36},"end":{"line":154,"column":1}},"line":137},"8":{"name":"(anonymous_8)","decl":{"start":{"line":145,"column":32},"end":{"line":145,"column":33}},"loc":{"start":{"line":145,"column":52},"end":{"line":153,"column":3}},"line":145},"9":{"name":"changePassword","decl":{"start":{"line":156,"column":15},"end":{"line":156,"column":29}},"loc":{"start":{"line":156,"column":40},"end":{"line":185,"column":1}},"line":156},"10":{"name":"(anonymous_10)","decl":{"start":{"line":163,"column":32},"end":{"line":163,"column":33}},"loc":{"start":{"line":163,"column":52},"end":{"line":184,"column":3}},"line":163},"11":{"name":"deleteUser","decl":{"start":{"line":187,"column":15},"end":{"line":187,"column":25}},"loc":{"start":{"line":187,"column":36},"end":{"line":200,"column":1}},"line":187},"12":{"name":"(anonymous_12)","decl":{"start":{"line":190,"column":4},"end":{"line":190,"column":5}},"loc":{"start":{"line":190,"column":24},"end":{"line":199,"column":5}},"line":190},"13":{"name":"getUserInfo","decl":{"start":{"line":202,"column":15},"end":{"line":202,"column":26}},"loc":{"start":{"line":202,"column":37},"end":{"line":217,"column":1}},"line":202},"14":{"name":"(anonymous_14)","decl":{"start":{"line":205,"column":4},"end":{"line":205,"column":5}},"loc":{"start":{"line":205,"column":24},"end":{"line":216,"column":5}},"line":205},"15":{"name":"createGroup","decl":{"start":{"line":219,"column":15},"end":{"line":219,"column":26}},"loc":{"start":{"line":219,"column":37},"end":{"line":270,"column":1}},"line":219},"16":{"name":"(anonymous_16)","decl":{"start":{"line":227,"column":53},"end":{"line":227,"column":54}},"loc":{"start":{"line":227,"column":64},"end":{"line":269,"column":3}},"line":227},"17":{"name":"(anonymous_17)","decl":{"start":{"line":238,"column":48},"end":{"line":238,"column":49}},"loc":{"start":{"line":238,"column":60},"end":{"line":267,"column":7}},"line":238},"18":{"name":"(anonymous_18)","decl":{"start":{"line":244,"column":54},"end":{"line":244,"column":55}},"loc":{"start":{"line":244,"column":66},"end":{"line":265,"column":11}},"line":244},"19":{"name":"(anonymous_19)","decl":{"start":{"line":255,"column":34},"end":{"line":255,"column":35}},"loc":{"start":{"line":255,"column":46},"end":{"line":263,"column":15}},"line":255},"20":{"name":"getPublicGroups","decl":{"start":{"line":272,"column":15},"end":{"line":272,"column":30}},"loc":{"start":{"line":272,"column":41},"end":{"line":287,"column":1}},"line":272},"21":{"name":"(anonymous_21)","decl":{"start":{"line":278,"column":25},"end":{"line":278,"column":26}},"loc":{"start":{"line":278,"column":45},"end":{"line":286,"column":3}},"line":278},"22":{"name":"getTags","decl":{"start":{"line":289,"column":15},"end":{"line":289,"column":22}},"loc":{"start":{"line":289,"column":33},"end":{"line":299,"column":1}},"line":289},"23":{"name":"(anonymous_23)","decl":{"start":{"line":290,"column":40},"end":{"line":290,"column":41}},"loc":{"start":{"line":290,"column":60},"end":{"line":298,"column":3}},"line":290},"24":{"name":"createTag","decl":{"start":{"line":301,"column":15},"end":{"line":301,"column":24}},"loc":{"start":{"line":301,"column":35},"end":{"line":322,"column":1}},"line":301},"25":{"name":"(anonymous_25)","decl":{"start":{"line":307,"column":40},"end":{"line":307,"column":41}},"loc":{"start":{"line":307,"column":51},"end":{"line":320,"column":5}},"line":307},"26":{"name":"createPost","decl":{"start":{"line":324,"column":15},"end":{"line":324,"column":25}},"loc":{"start":{"line":324,"column":36},"end":{"line":343,"column":1}},"line":324},"27":{"name":"(anonymous_27)","decl":{"start":{"line":334,"column":108},"end":{"line":334,"column":109}},"loc":{"start":{"line":334,"column":119},"end":{"line":342,"column":3}},"line":334},"28":{"name":"flagPost","decl":{"start":{"line":345,"column":15},"end":{"line":345,"column":23}},"loc":{"start":{"line":345,"column":34},"end":{"line":359,"column":1}},"line":345},"29":{"name":"(anonymous_29)","decl":{"start":{"line":350,"column":28},"end":{"line":350,"column":29}},"loc":{"start":{"line":350,"column":48},"end":{"line":358,"column":3}},"line":350},"30":{"name":"deletePost","decl":{"start":{"line":361,"column":15},"end":{"line":361,"column":25}},"loc":{"start":{"line":361,"column":36},"end":{"line":372,"column":1}},"line":361},"31":{"name":"(anonymous_31)","decl":{"start":{"line":363,"column":76},"end":{"line":363,"column":77}},"loc":{"start":{"line":363,"column":96},"end":{"line":371,"column":3}},"line":363},"32":{"name":"hidePost","decl":{"start":{"line":374,"column":15},"end":{"line":374,"column":23}},"loc":{"start":{"line":374,"column":34},"end":{"line":392,"column":1}},"line":374},"33":{"name":"(anonymous_33)","decl":{"start":{"line":378,"column":43},"end":{"line":378,"column":44}},"loc":{"start":{"line":378,"column":54},"end":{"line":391,"column":3}},"line":378},"34":{"name":"getHidePost","decl":{"start":{"line":394,"column":15},"end":{"line":394,"column":26}},"loc":{"start":{"line":394,"column":37},"end":{"line":405,"column":1}},"line":394},"35":{"name":"(anonymous_35)","decl":{"start":{"line":396,"column":74},"end":{"line":396,"column":75}},"loc":{"start":{"line":396,"column":94},"end":{"line":404,"column":3}},"line":396},"36":{"name":"deleteComment","decl":{"start":{"line":407,"column":15},"end":{"line":407,"column":28}},"loc":{"start":{"line":407,"column":39},"end":{"line":420,"column":1}},"line":407},"37":{"name":"(anonymous_37)","decl":{"start":{"line":411,"column":4},"end":{"line":411,"column":5}},"loc":{"start":{"line":411,"column":24},"end":{"line":419,"column":5}},"line":411},"38":{"name":"groupRecommendation","decl":{"start":{"line":422,"column":15},"end":{"line":422,"column":34}},"loc":{"start":{"line":422,"column":45},"end":{"line":435,"column":1}},"line":422},"39":{"name":"(anonymous_39)","decl":{"start":{"line":426,"column":32},"end":{"line":426,"column":33}},"loc":{"start":{"line":426,"column":52},"end":{"line":434,"column":3}},"line":426},"40":{"name":"groupAnalytic","decl":{"start":{"line":437,"column":15},"end":{"line":437,"column":28}},"loc":{"start":{"line":437,"column":39},"end":{"line":452,"column":1}},"line":437},"41":{"name":"(anonymous_41)","decl":{"start":{"line":443,"column":150},"end":{"line":443,"column":151}},"loc":{"start":{"line":443,"column":170},"end":{"line":451,"column":3}},"line":443}},"branchMap":{"0":{"loc":{"start":{"line":22,"column":2},"end":{"line":61,"column":3}},"type":"if","locations":[{"start":{"line":22,"column":2},"end":{"line":61,"column":3}},{"start":{"line":25,"column":9},"end":{"line":61,"column":3}}],"line":22},"1":{"loc":{"start":{"line":40,"column":4},"end":{"line":60,"column":5}},"type":"if","locations":[{"start":{"line":40,"column":4},"end":{"line":60,"column":5}},{"start":{"line":43,"column":11},"end":{"line":60,"column":5}}],"line":40},"2":{"loc":{"start":{"line":40,"column":8},"end":{"line":40,"column":30}},"type":"binary-expr","locations":[{"start":{"line":40,"column":8},"end":{"line":40,"column":17}},{"start":{"line":40,"column":21},"end":{"line":40,"column":30}}],"line":40},"3":{"loc":{"start":{"line":46,"column":8},"end":{"line":58,"column":9}},"type":"if","locations":[{"start":{"line":46,"column":8},"end":{"line":58,"column":9}},{"start":{"line":49,"column":15},"end":{"line":58,"column":9}}],"line":46},"4":{"loc":{"start":{"line":49,"column":15},"end":{"line":58,"column":9}},"type":"if","locations":[{"start":{"line":49,"column":15},"end":{"line":58,"column":9}},{"start":{"line":52,"column":15},"end":{"line":58,"column":9}}],"line":49},"5":{"loc":{"start":{"line":52,"column":15},"end":{"line":58,"column":9}},"type":"if","locations":[{"start":{"line":52,"column":15},"end":{"line":58,"column":9}},{"start":{"line":55,"column":15},"end":{"line":58,"column":9}}],"line":52},"6":{"loc":{"start":{"line":52,"column":19},"end":{"line":52,"column":95}},"type":"binary-expr","locations":[{"start":{"line":52,"column":19},"end":{"line":52,"column":51}},{"start":{"line":52,"column":55},"end":{"line":52,"column":95}}],"line":52},"7":{"loc":{"start":{"line":70,"column":4},"end":{"line":94,"column":5}},"type":"if","locations":[{"start":{"line":70,"column":4},"end":{"line":94,"column":5}},{"start":{"line":78,"column":11},"end":{"line":94,"column":5}}],"line":70},"8":{"loc":{"start":{"line":71,"column":6},"end":{"line":77,"column":7}},"type":"if","locations":[{"start":{"line":71,"column":6},"end":{"line":77,"column":7}},{"start":{"line":74,"column":13},"end":{"line":77,"column":7}}],"line":71},"9":{"loc":{"start":{"line":78,"column":11},"end":{"line":94,"column":5}},"type":"if","locations":[{"start":{"line":78,"column":11},"end":{"line":94,"column":5}},{"start":{},"end":{}}],"line":78},"10":{"loc":{"start":{"line":102,"column":4},"end":{"line":127,"column":5}},"type":"if","locations":[{"start":{"line":102,"column":4},"end":{"line":127,"column":5}},{"start":{"line":105,"column":11},"end":{"line":127,"column":5}}],"line":102},"11":{"loc":{"start":{"line":105,"column":11},"end":{"line":127,"column":5}},"type":"if","locations":[{"start":{"line":105,"column":11},"end":{"line":127,"column":5}},{"start":{"line":108,"column":11},"end":{"line":127,"column":5}}],"line":105},"12":{"loc":{"start":{"line":108,"column":11},"end":{"line":127,"column":5}},"type":"if","locations":[{"start":{"line":108,"column":11},"end":{"line":127,"column":5}},{"start":{"line":124,"column":11},"end":{"line":127,"column":5}}],"line":108},"13":{"loc":{"start":{"line":108,"column":15},"end":{"line":108,"column":91}},"type":"binary-expr","locations":[{"start":{"line":108,"column":15},"end":{"line":108,"column":47}},{"start":{"line":108,"column":51},"end":{"line":108,"column":91}}],"line":108},"14":{"loc":{"start":{"line":138,"column":16},"end":{"line":138,"column":40}},"type":"binary-expr","locations":[{"start":{"line":138,"column":16},"end":{"line":138,"column":30}},{"start":{"line":138,"column":34},"end":{"line":138,"column":40}}],"line":138},"15":{"loc":{"start":{"line":139,"column":16},"end":{"line":139,"column":40}},"type":"binary-expr","locations":[{"start":{"line":139,"column":16},"end":{"line":139,"column":30}},{"start":{"line":139,"column":34},"end":{"line":139,"column":40}}],"line":139},"16":{"loc":{"start":{"line":140,"column":15},"end":{"line":140,"column":38}},"type":"binary-expr","locations":[{"start":{"line":140,"column":15},"end":{"line":140,"column":28}},{"start":{"line":140,"column":32},"end":{"line":140,"column":38}}],"line":140},"17":{"loc":{"start":{"line":141,"column":17},"end":{"line":141,"column":40}},"type":"binary-expr","locations":[{"start":{"line":141,"column":17},"end":{"line":141,"column":30}},{"start":{"line":141,"column":34},"end":{"line":141,"column":40}}],"line":141},"18":{"loc":{"start":{"line":146,"column":4},"end":{"line":152,"column":5}},"type":"if","locations":[{"start":{"line":146,"column":4},"end":{"line":152,"column":5}},{"start":{"line":149,"column":11},"end":{"line":152,"column":5}}],"line":146},"19":{"loc":{"start":{"line":164,"column":4},"end":{"line":183,"column":5}},"type":"if","locations":[{"start":{"line":164,"column":4},"end":{"line":183,"column":5}},{"start":{"line":167,"column":11},"end":{"line":183,"column":5}}],"line":164},"20":{"loc":{"start":{"line":191,"column":6},"end":{"line":198,"column":7}},"type":"if","locations":[{"start":{"line":191,"column":6},"end":{"line":198,"column":7}},{"start":{"line":194,"column":13},"end":{"line":198,"column":7}}],"line":191},"21":{"loc":{"start":{"line":206,"column":6},"end":{"line":215,"column":7}},"type":"if","locations":[{"start":{"line":206,"column":6},"end":{"line":215,"column":7}},{"start":{"line":209,"column":13},"end":{"line":215,"column":7}}],"line":206},"22":{"loc":{"start":{"line":209,"column":13},"end":{"line":215,"column":7}},"type":"if","locations":[{"start":{"line":209,"column":13},"end":{"line":215,"column":7}},{"start":{"line":212,"column":13},"end":{"line":215,"column":7}}],"line":209},"23":{"loc":{"start":{"line":228,"column":4},"end":{"line":268,"column":5}},"type":"if","locations":[{"start":{"line":228,"column":4},"end":{"line":268,"column":5}},{"start":{"line":236,"column":11},"end":{"line":268,"column":5}}],"line":228},"24":{"loc":{"start":{"line":229,"column":6},"end":{"line":235,"column":7}},"type":"if","locations":[{"start":{"line":229,"column":6},"end":{"line":235,"column":7}},{"start":{"line":232,"column":13},"end":{"line":235,"column":7}}],"line":229},"25":{"loc":{"start":{"line":239,"column":8},"end":{"line":266,"column":9}},"type":"if","locations":[{"start":{"line":239,"column":8},"end":{"line":266,"column":9}},{"start":{"line":242,"column":15},"end":{"line":266,"column":9}}],"line":239},"26":{"loc":{"start":{"line":245,"column":12},"end":{"line":264,"column":13}},"type":"if","locations":[{"start":{"line":245,"column":12},"end":{"line":264,"column":13}},{"start":{"line":248,"column":19},"end":{"line":264,"column":13}}],"line":245},"27":{"loc":{"start":{"line":256,"column":16},"end":{"line":262,"column":17}},"type":"if","locations":[{"start":{"line":256,"column":16},"end":{"line":262,"column":17}},{"start":{"line":259,"column":23},"end":{"line":262,"column":17}}],"line":256},"28":{"loc":{"start":{"line":279,"column":4},"end":{"line":285,"column":5}},"type":"if","locations":[{"start":{"line":279,"column":4},"end":{"line":285,"column":5}},{"start":{"line":282,"column":11},"end":{"line":285,"column":5}}],"line":279},"29":{"loc":{"start":{"line":291,"column":4},"end":{"line":297,"column":5}},"type":"if","locations":[{"start":{"line":291,"column":4},"end":{"line":297,"column":5}},{"start":{"line":294,"column":11},"end":{"line":297,"column":5}}],"line":291},"30":{"loc":{"start":{"line":303,"column":2},"end":{"line":321,"column":3}},"type":"if","locations":[{"start":{"line":303,"column":2},"end":{"line":321,"column":3}},{"start":{},"end":{}}],"line":303},"31":{"loc":{"start":{"line":308,"column":6},"end":{"line":319,"column":7}},"type":"if","locations":[{"start":{"line":308,"column":6},"end":{"line":319,"column":7}},{"start":{"line":316,"column":13},"end":{"line":319,"column":7}}],"line":308},"32":{"loc":{"start":{"line":309,"column":8},"end":{"line":315,"column":9}},"type":"if","locations":[{"start":{"line":309,"column":8},"end":{"line":315,"column":9}},{"start":{"line":312,"column":15},"end":{"line":315,"column":9}}],"line":309},"33":{"loc":{"start":{"line":328,"column":21},"end":{"line":328,"column":79}},"type":"cond-expr","locations":[{"start":{"line":328,"column":43},"end":{"line":328,"column":70}},{"start":{"line":328,"column":73},"end":{"line":328,"column":79}}],"line":328},"34":{"loc":{"start":{"line":335,"column":4},"end":{"line":341,"column":5}},"type":"if","locations":[{"start":{"line":335,"column":4},"end":{"line":341,"column":5}},{"start":{"line":338,"column":11},"end":{"line":341,"column":5}}],"line":335},"35":{"loc":{"start":{"line":351,"column":4},"end":{"line":357,"column":5}},"type":"if","locations":[{"start":{"line":351,"column":4},"end":{"line":357,"column":5}},{"start":{"line":354,"column":11},"end":{"line":357,"column":5}}],"line":351},"36":{"loc":{"start":{"line":364,"column":4},"end":{"line":370,"column":5}},"type":"if","locations":[{"start":{"line":364,"column":4},"end":{"line":370,"column":5}},{"start":{"line":367,"column":11},"end":{"line":370,"column":5}}],"line":364},"37":{"loc":{"start":{"line":379,"column":4},"end":{"line":390,"column":5}},"type":"if","locations":[{"start":{"line":379,"column":4},"end":{"line":390,"column":5}},{"start":{"line":387,"column":11},"end":{"line":390,"column":5}}],"line":379},"38":{"loc":{"start":{"line":380,"column":6},"end":{"line":386,"column":7}},"type":"if","locations":[{"start":{"line":380,"column":6},"end":{"line":386,"column":7}},{"start":{"line":383,"column":13},"end":{"line":386,"column":7}}],"line":380},"39":{"loc":{"start":{"line":397,"column":4},"end":{"line":403,"column":5}},"type":"if","locations":[{"start":{"line":397,"column":4},"end":{"line":403,"column":5}},{"start":{"line":400,"column":11},"end":{"line":403,"column":5}}],"line":397},"40":{"loc":{"start":{"line":412,"column":6},"end":{"line":418,"column":7}},"type":"if","locations":[{"start":{"line":412,"column":6},"end":{"line":418,"column":7}},{"start":{"line":415,"column":13},"end":{"line":418,"column":7}}],"line":412},"41":{"loc":{"start":{"line":427,"column":4},"end":{"line":433,"column":5}},"type":"if","locations":[{"start":{"line":427,"column":4},"end":{"line":433,"column":5}},{"start":{"line":430,"column":11},"end":{"line":433,"column":5}}],"line":427},"42":{"loc":{"start":{"line":444,"column":4},"end":{"line":450,"column":5}},"type":"if","locations":[{"start":{"line":444,"column":4},"end":{"line":450,"column":5}},{"start":{"line":447,"column":11},"end":{"line":450,"column":5}}],"line":444}},"s":{"0":1,"1":1,"2":1,"3":1,"4":1,"5":1,"6":1,"7":1,"8":1,"9":1,"10":13,"11":13,"12":0,"13":0,"14":13,"15":13,"16":13,"17":13,"18":0,"19":0,"20":0,"21":13,"22":13,"23":0,"24":0,"25":13,"26":13,"27":0,"28":0,"29":13,"30":0,"31":0,"32":13,"33":13,"34":13,"35":0,"36":0,"37":2,"38":2,"39":2,"40":2,"41":2,"42":1,"43":1,"44":1,"45":0,"46":0,"47":1,"48":1,"49":1,"50":1,"51":1,"52":1,"53":1,"54":1,"55":1,"56":1,"57":1,"58":0,"59":0,"60":1,"61":0,"62":0,"63":1,"64":1,"65":1,"66":1,"67":1,"68":1,"69":1,"70":1,"71":0,"72":0,"73":0,"74":0,"75":0,"76":1,"77":1,"78":1,"79":1,"80":1,"81":1,"82":1,"83":0,"84":0,"85":1,"86":1,"87":1,"88":1,"89":1,"90":1,"91":1,"92":0,"93":0,"94":1,"95":1,"96":1,"97":1,"98":1,"99":1,"100":1,"101":0,"102":0,"103":0,"104":0,"105":0,"106":0,"107":0,"108":0,"109":1,"110":1,"111":1,"112":0,"113":0,"114":1,"115":0,"116":0,"117":1,"118":1,"119":1,"120":1,"121":1,"122":1,"123":1,"124":1,"125":0,"126":0,"127":0,"128":0,"129":0,"130":1,"131":1,"132":0,"133":0,"134":1,"135":1,"136":0,"137":0,"138":1,"139":1,"140":1,"141":1,"142":0,"143":1,"144":1,"145":1,"146":0,"147":0,"148":1,"149":1,"150":1,"151":1,"152":0,"153":0,"154":1,"155":1,"156":0,"157":0,"158":0,"159":0,"160":0,"161":0,"162":1,"163":1,"164":1,"165":1,"166":1,"167":0,"168":0,"169":0,"170":0,"171":0,"172":1,"173":1,"174":1,"175":1,"176":1,"177":1,"178":1,"179":1,"180":1,"181":0,"182":0,"183":1,"184":1,"185":1,"186":1,"187":1,"188":1,"189":0,"190":0,"191":1,"192":1,"193":1,"194":1,"195":1,"196":0,"197":0,"198":1,"199":1,"200":1,"201":1,"202":1,"203":1,"204":0,"205":0,"206":0,"207":0,"208":0,"209":1,"210":1,"211":1,"212":1,"213":1,"214":0,"215":0,"216":1,"217":1,"218":0,"219":0,"220":0,"221":0,"222":0,"223":0,"224":0,"225":0,"226":1,"227":1,"228":1,"229":0,"230":0,"231":1,"232":1,"233":1,"234":1,"235":1,"236":0,"237":0,"238":1,"239":1,"240":1},"f":{"0":13,"1":13,"2":2,"3":2,"4":1,"5":1,"6":0,"7":1,"8":1,"9":1,"10":1,"11":0,"12":0,"13":1,"14":1,"15":1,"16":1,"17":1,"18":1,"19":1,"20":1,"21":1,"22":0,"23":0,"24":1,"25":1,"26":1,"27":1,"28":1,"29":1,"30":1,"31":1,"32":1,"33":1,"34":1,"35":1,"36":0,"37":0,"38":1,"39":1,"40":1,"41":1},"b":{"0":[0,13],"1":[0,13],"2":[13,13],"3":[0,13],"4":[0,13],"5":[13,0],"6":[13,13],"7":[1,1],"8":[1,0],"9":[1,0],"10":[0,1],"11":[0,1],"12":[1,0],"13":[1,1],"14":[1,0],"15":[1,1],"16":[1,1],"17":[1,1],"18":[0,1],"19":[0,1],"20":[0,0],"21":[0,1],"22":[0,1],"23":[0,1],"24":[0,0],"25":[0,1],"26":[0,1],"27":[0,1],"28":[0,1],"29":[0,0],"30":[1,0],"31":[0,1],"32":[0,0],"33":[0,1],"34":[0,1],"35":[0,1],"36":[0,1],"37":[0,1],"38":[0,0],"39":[0,1],"40":[0,0],"41":[0,1],"42":[0,1]},"_coverageSchema":"1a1c01bbd47fc00a2c39e90264f33305004495a9","hash":"3296c8f460961b54a35be595f5387cabe87ed13b"}
,"/Users/yuchenwang/cis557/fall-2021-project-group-centric-social-network-team-30/server/server.js": {"path":"/Users/yuchenwang/cis557/fall-2021-project-group-centric-social-network-team-30/server/server.js","statementMap":{"0":{"start":{"line":1,"column":16},"end":{"line":1,"column":34}},"1":{"start":{"line":2,"column":21},"end":{"line":2,"column":45}},"2":{"start":{"line":3,"column":15},"end":{"line":3,"column":32}},"3":{"start":{"line":4,"column":13},"end":{"line":4,"column":28}},"4":{"start":{"line":5,"column":15},"end":{"line":5,"column":34}},"5":{"start":{"line":7,"column":12},"end":{"line":7,"column":21}},"6":{"start":{"line":9,"column":0},"end":{"line":9,"column":24}},"7":{"start":{"line":10,"column":0},"end":{"line":10,"column":18}},"8":{"start":{"line":11,"column":0},"end":{"line":11,"column":24}},"9":{"start":{"line":12,"column":0},"end":{"line":16,"column":2}},"10":{"start":{"line":18,"column":0},"end":{"line":20,"column":4}},"11":{"start":{"line":22,"column":0},"end":{"line":22,"column":42}},"12":{"start":{"line":23,"column":0},"end":{"line":23,"column":41}},"13":{"start":{"line":24,"column":0},"end":{"line":24,"column":58}},"14":{"start":{"line":26,"column":0},"end":{"line":26,"column":61}},"15":{"start":{"line":27,"column":0},"end":{"line":27,"column":74}},"16":{"start":{"line":28,"column":0},"end":{"line":28,"column":64}},"17":{"start":{"line":30,"column":0},"end":{"line":30,"column":72}},"18":{"start":{"line":32,"column":0},"end":{"line":32,"column":66}},"19":{"start":{"line":33,"column":0},"end":{"line":33,"column":56}},"20":{"start":{"line":35,"column":0},"end":{"line":35,"column":63}},"21":{"start":{"line":36,"column":0},"end":{"line":36,"column":59}},"22":{"start":{"line":38,"column":0},"end":{"line":38,"column":78}},"23":{"start":{"line":39,"column":0},"end":{"line":39,"column":72}},"24":{"start":{"line":40,"column":0},"end":{"line":40,"column":73}},"25":{"start":{"line":41,"column":0},"end":{"line":41,"column":73}},"26":{"start":{"line":42,"column":0},"end":{"line":42,"column":67}},"27":{"start":{"line":44,"column":0},"end":{"line":44,"column":81}},"28":{"start":{"line":46,"column":0},"end":{"line":46,"column":84}},"29":{"start":{"line":48,"column":0},"end":{"line":48,"column":81}},"30":{"start":{"line":50,"column":0},"end":{"line":52,"column":3}},"31":{"start":{"line":51,"column":2},"end":{"line":51,"column":27}},"32":{"start":{"line":54,"column":13},"end":{"line":54,"column":37}},"33":{"start":{"line":56,"column":0},"end":{"line":58,"column":3}},"34":{"start":{"line":57,"column":2},"end":{"line":57,"column":67}},"35":{"start":{"line":60,"column":0},"end":{"line":60,"column":21}}},"fnMap":{"0":{"name":"(anonymous_0)","decl":{"start":{"line":50,"column":13},"end":{"line":50,"column":14}},"loc":{"start":{"line":50,"column":27},"end":{"line":52,"column":1}},"line":50},"1":{"name":"(anonymous_1)","decl":{"start":{"line":56,"column":17},"end":{"line":56,"column":18}},"loc":{"start":{"line":56,"column":23},"end":{"line":58,"column":1}},"line":56}},"branchMap":{"0":{"loc":{"start":{"line":54,"column":13},"end":{"line":54,"column":37}},"type":"binary-expr","locations":[{"start":{"line":54,"column":13},"end":{"line":54,"column":29}},{"start":{"line":54,"column":33},"end":{"line":54,"column":37}}],"line":54}},"s":{"0":1,"1":1,"2":1,"3":1,"4":1,"5":1,"6":1,"7":1,"8":1,"9":1,"10":1,"11":1,"12":1,"13":1,"14":1,"15":1,"16":1,"17":1,"18":1,"19":1,"20":1,"21":1,"22":1,"23":1,"24":1,"25":1,"26":1,"27":1,"28":1,"29":1,"30":1,"31":0,"32":1,"33":1,"34":1,"35":1},"f":{"0":0,"1":1},"b":{"0":[1,1]},"_coverageSchema":"1a1c01bbd47fc00a2c39e90264f33305004495a9","hash":"9553fa26eebbb57f649e5156f8bb240520ab39fd"}
}
