{"/Users/yuchenwang/cis557/fall-2021-project-group-centric-social-network-team-30/server/routes.js": {"path":"/Users/yuchenwang/cis557/fall-2021-project-group-centric-social-network-team-30/server/routes.js","statementMap":{"0":{"start":{"line":1,"column":14},"end":{"line":1,"column":30}},"1":{"start":{"line":2,"column":15},"end":{"line":2,"column":35}},"2":{"start":{"line":3,"column":14},"end":{"line":3,"column":30}},"3":{"start":{"line":4,"column":0},"end":{"line":4,"column":27}},"4":{"start":{"line":5,"column":0},"end":{"line":5,"column":23}},"5":{"start":{"line":7,"column":15},"end":{"line":7,"column":32}},"6":{"start":{"line":8,"column":10},"end":{"line":8,"column":28}},"7":{"start":{"line":9,"column":18},"end":{"line":9,"column":31}},"8":{"start":{"line":10,"column":18},"end":{"line":10,"column":52}},"9":{"start":{"line":11,"column":11},"end":{"line":11,"column":29}},"10":{"start":{"line":13,"column":19},"end":{"line":19,"column":2}},"11":{"start":{"line":20,"column":0},"end":{"line":20,"column":21}},"12":{"start":{"line":23,"column":19},"end":{"line":23,"column":36}},"13":{"start":{"line":24,"column":4},"end":{"line":67,"column":5}},"14":{"start":{"line":25,"column":6},"end":{"line":25,"column":22}},"15":{"start":{"line":26,"column":6},"end":{"line":26,"column":42}},"16":{"start":{"line":28,"column":23},"end":{"line":28,"column":72}},"17":{"start":{"line":30,"column":24},"end":{"line":30,"column":113}},"18":{"start":{"line":32,"column":6},"end":{"line":38,"column":7}},"19":{"start":{"line":33,"column":8},"end":{"line":33,"column":41}},"20":{"start":{"line":35,"column":8},"end":{"line":35,"column":24}},"21":{"start":{"line":36,"column":8},"end":{"line":36,"column":48}},"22":{"start":{"line":37,"column":8},"end":{"line":37,"column":15}},"23":{"start":{"line":40,"column":23},"end":{"line":40,"column":40}},"24":{"start":{"line":41,"column":23},"end":{"line":41,"column":40}},"25":{"start":{"line":43,"column":6},"end":{"line":66,"column":7}},"26":{"start":{"line":44,"column":8},"end":{"line":44,"column":24}},"27":{"start":{"line":45,"column":8},"end":{"line":45,"column":48}},"28":{"start":{"line":46,"column":8},"end":{"line":46,"column":15}},"29":{"start":{"line":48,"column":8},"end":{"line":65,"column":11}},"30":{"start":{"line":50,"column":10},"end":{"line":64,"column":11}},"31":{"start":{"line":51,"column":12},"end":{"line":51,"column":27}},"32":{"start":{"line":52,"column":12},"end":{"line":52,"column":66}},"33":{"start":{"line":53,"column":17},"end":{"line":64,"column":11}},"34":{"start":{"line":54,"column":12},"end":{"line":54,"column":27}},"35":{"start":{"line":55,"column":12},"end":{"line":55,"column":64}},"36":{"start":{"line":57,"column":14},"end":{"line":63,"column":15}},"37":{"start":{"line":58,"column":16},"end":{"line":58,"column":42}},"38":{"start":{"line":59,"column":16},"end":{"line":59,"column":22}},"39":{"start":{"line":61,"column":16},"end":{"line":61,"column":31}},"40":{"start":{"line":62,"column":16},"end":{"line":62,"column":74}},"41":{"start":{"line":72,"column":21},"end":{"line":72,"column":38}},"42":{"start":{"line":73,"column":21},"end":{"line":73,"column":38}},"43":{"start":{"line":74,"column":25},"end":{"line":74,"column":41}},"44":{"start":{"line":75,"column":19},"end":{"line":75,"column":28}},"45":{"start":{"line":76,"column":4},"end":{"line":103,"column":7}},"46":{"start":{"line":78,"column":6},"end":{"line":102,"column":7}},"47":{"start":{"line":79,"column":8},"end":{"line":85,"column":9}},"48":{"start":{"line":80,"column":10},"end":{"line":80,"column":25}},"49":{"start":{"line":81,"column":10},"end":{"line":81,"column":49}},"50":{"start":{"line":83,"column":10},"end":{"line":83,"column":25}},"51":{"start":{"line":84,"column":10},"end":{"line":84,"column":36}},"52":{"start":{"line":86,"column":13},"end":{"line":102,"column":7}},"53":{"start":{"line":87,"column":8},"end":{"line":87,"column":23}},"54":{"start":{"line":88,"column":23},"end":{"line":88,"column":70}},"55":{"start":{"line":89,"column":26},"end":{"line":92,"column":9}},"56":{"start":{"line":93,"column":28},"end":{"line":93,"column":53}},"57":{"start":{"line":94,"column":26},"end":{"line":94,"column":101}},"58":{"start":{"line":95,"column":8},"end":{"line":100,"column":11}},"59":{"start":{"line":101,"column":8},"end":{"line":101,"column":75}},"60":{"start":{"line":107,"column":21},"end":{"line":107,"column":38}},"61":{"start":{"line":108,"column":21},"end":{"line":108,"column":38}},"62":{"start":{"line":109,"column":4},"end":{"line":139,"column":7}},"63":{"start":{"line":111,"column":6},"end":{"line":138,"column":7}},"64":{"start":{"line":112,"column":8},"end":{"line":112,"column":23}},"65":{"start":{"line":113,"column":8},"end":{"line":113,"column":34}},"66":{"start":{"line":114,"column":13},"end":{"line":138,"column":7}},"67":{"start":{"line":115,"column":8},"end":{"line":115,"column":23}},"68":{"start":{"line":116,"column":8},"end":{"line":116,"column":32}},"69":{"start":{"line":118,"column":10},"end":{"line":137,"column":11}},"70":{"start":{"line":119,"column":27},"end":{"line":119,"column":74}},"71":{"start":{"line":120,"column":30},"end":{"line":123,"column":13}},"72":{"start":{"line":124,"column":32},"end":{"line":124,"column":57}},"73":{"start":{"line":125,"column":30},"end":{"line":125,"column":105}},"74":{"start":{"line":126,"column":12},"end":{"line":131,"column":15}},"75":{"start":{"line":132,"column":12},"end":{"line":132,"column":27}},"76":{"start":{"line":133,"column":12},"end":{"line":133,"column":37}},"77":{"start":{"line":135,"column":12},"end":{"line":135,"column":27}},"78":{"start":{"line":136,"column":12},"end":{"line":136,"column":42}},"79":{"start":{"line":143,"column":2},"end":{"line":143,"column":17}},"80":{"start":{"line":144,"column":2},"end":{"line":144,"column":26}},"81":{"start":{"line":145,"column":2},"end":{"line":145,"column":31}},"82":{"start":{"line":149,"column":16},"end":{"line":149,"column":40}},"83":{"start":{"line":150,"column":16},"end":{"line":150,"column":40}},"84":{"start":{"line":151,"column":15},"end":{"line":151,"column":38}},"85":{"start":{"line":152,"column":17},"end":{"line":152,"column":40}},"86":{"start":{"line":153,"column":19},"end":{"line":153,"column":31}},"87":{"start":{"line":155,"column":2},"end":{"line":164,"column":5}},"88":{"start":{"line":157,"column":4},"end":{"line":163,"column":5}},"89":{"start":{"line":158,"column":6},"end":{"line":158,"column":21}},"90":{"start":{"line":159,"column":6},"end":{"line":159,"column":32}},"91":{"start":{"line":161,"column":6},"end":{"line":161,"column":21}},"92":{"start":{"line":162,"column":6},"end":{"line":162,"column":42}},"93":{"start":{"line":168,"column":19},"end":{"line":168,"column":31}},"94":{"start":{"line":169,"column":22},"end":{"line":169,"column":42}},"95":{"start":{"line":171,"column":23},"end":{"line":171,"column":42}},"96":{"start":{"line":173,"column":2},"end":{"line":195,"column":5}},"97":{"start":{"line":175,"column":4},"end":{"line":194,"column":5}},"98":{"start":{"line":176,"column":6},"end":{"line":176,"column":21}},"99":{"start":{"line":177,"column":6},"end":{"line":177,"column":32}},"100":{"start":{"line":179,"column":6},"end":{"line":179,"column":21}},"101":{"start":{"line":180,"column":21},"end":{"line":180,"column":68}},"102":{"start":{"line":181,"column":24},"end":{"line":184,"column":7}},"103":{"start":{"line":185,"column":26},"end":{"line":185,"column":51}},"104":{"start":{"line":186,"column":24},"end":{"line":186,"column":99}},"105":{"start":{"line":187,"column":6},"end":{"line":192,"column":9}},"106":{"start":{"line":193,"column":6},"end":{"line":193,"column":51}},"107":{"start":{"line":199,"column":19},"end":{"line":199,"column":31}},"108":{"start":{"line":200,"column":2},"end":{"line":210,"column":5}},"109":{"start":{"line":202,"column":4},"end":{"line":209,"column":5}},"110":{"start":{"line":203,"column":6},"end":{"line":203,"column":21}},"111":{"start":{"line":204,"column":6},"end":{"line":204,"column":32}},"112":{"start":{"line":206,"column":6},"end":{"line":206,"column":21}},"113":{"start":{"line":207,"column":6},"end":{"line":207,"column":30}},"114":{"start":{"line":208,"column":6},"end":{"line":208,"column":43}},"115":{"start":{"line":214,"column":19},"end":{"line":214,"column":38}},"116":{"start":{"line":215,"column":2},"end":{"line":229,"column":5}},"117":{"start":{"line":217,"column":4},"end":{"line":228,"column":5}},"118":{"start":{"line":218,"column":6},"end":{"line":218,"column":21}},"119":{"start":{"line":219,"column":6},"end":{"line":219,"column":32}},"120":{"start":{"line":221,"column":6},"end":{"line":227,"column":7}},"121":{"start":{"line":222,"column":8},"end":{"line":222,"column":23}},"122":{"start":{"line":223,"column":8},"end":{"line":223,"column":32}},"123":{"start":{"line":225,"column":8},"end":{"line":225,"column":23}},"124":{"start":{"line":226,"column":8},"end":{"line":226,"column":28}},"125":{"start":{"line":233,"column":17},"end":{"line":233,"column":32}},"126":{"start":{"line":235,"column":15},"end":{"line":235,"column":28}},"127":{"start":{"line":236,"column":15},"end":{"line":236,"column":28}},"128":{"start":{"line":237,"column":18},"end":{"line":237,"column":27}},"129":{"start":{"line":238,"column":19},"end":{"line":238,"column":53}},"130":{"start":{"line":239,"column":13},"end":{"line":239,"column":17}},"131":{"start":{"line":241,"column":2},"end":{"line":282,"column":8}},"132":{"start":{"line":243,"column":6},"end":{"line":282,"column":5}},"133":{"start":{"line":244,"column":8},"end":{"line":250,"column":9}},"134":{"start":{"line":245,"column":10},"end":{"line":245,"column":25}},"135":{"start":{"line":246,"column":10},"end":{"line":246,"column":49}},"136":{"start":{"line":248,"column":10},"end":{"line":248,"column":25}},"137":{"start":{"line":249,"column":10},"end":{"line":249,"column":36}},"138":{"start":{"line":252,"column":10},"end":{"line":281,"column":11}},"139":{"start":{"line":254,"column":14},"end":{"line":280,"column":15}},"140":{"start":{"line":255,"column":16},"end":{"line":255,"column":31}},"141":{"start":{"line":256,"column":16},"end":{"line":256,"column":42}},"142":{"start":{"line":258,"column":16},"end":{"line":279,"column":22}},"143":{"start":{"line":260,"column":20},"end":{"line":279,"column":19}},"144":{"start":{"line":261,"column":22},"end":{"line":261,"column":37}},"145":{"start":{"line":262,"column":22},"end":{"line":262,"column":48}},"146":{"start":{"line":264,"column":34},"end":{"line":264,"column":46}},"147":{"start":{"line":265,"column":30},"end":{"line":265,"column":79}},"148":{"start":{"line":266,"column":22},"end":{"line":268,"column":23}},"149":{"start":{"line":266,"column":35},"end":{"line":266,"column":36}},"150":{"start":{"line":267,"column":24},"end":{"line":267,"column":69}},"151":{"start":{"line":269,"column":22},"end":{"line":269,"column":78}},"152":{"start":{"line":270,"column":22},"end":{"line":278,"column":25}},"153":{"start":{"line":271,"column":26},"end":{"line":277,"column":27}},"154":{"start":{"line":272,"column":28},"end":{"line":272,"column":43}},"155":{"start":{"line":273,"column":28},"end":{"line":273,"column":54}},"156":{"start":{"line":275,"column":28},"end":{"line":275,"column":43}},"157":{"start":{"line":276,"column":28},"end":{"line":276,"column":75}},"158":{"start":{"line":286,"column":2},"end":{"line":299,"column":5}},"159":{"start":{"line":292,"column":4},"end":{"line":298,"column":5}},"160":{"start":{"line":293,"column":6},"end":{"line":293,"column":21}},"161":{"start":{"line":294,"column":6},"end":{"line":294,"column":32}},"162":{"start":{"line":296,"column":6},"end":{"line":296,"column":21}},"163":{"start":{"line":297,"column":6},"end":{"line":297,"column":23}},"164":{"start":{"line":303,"column":2},"end":{"line":311,"column":5}},"165":{"start":{"line":304,"column":4},"end":{"line":310,"column":5}},"166":{"start":{"line":305,"column":6},"end":{"line":305,"column":21}},"167":{"start":{"line":306,"column":6},"end":{"line":306,"column":32}},"168":{"start":{"line":308,"column":6},"end":{"line":308,"column":21}},"169":{"start":{"line":309,"column":6},"end":{"line":309,"column":23}},"170":{"start":{"line":315,"column":15},"end":{"line":315,"column":28}},"171":{"start":{"line":316,"column":2},"end":{"line":334,"column":3}},"172":{"start":{"line":317,"column":18},"end":{"line":317,"column":27}},"173":{"start":{"line":319,"column":4},"end":{"line":333,"column":9}},"174":{"start":{"line":321,"column":8},"end":{"line":332,"column":9}},"175":{"start":{"line":322,"column":10},"end":{"line":328,"column":11}},"176":{"start":{"line":323,"column":12},"end":{"line":323,"column":27}},"177":{"start":{"line":324,"column":12},"end":{"line":324,"column":51}},"178":{"start":{"line":326,"column":12},"end":{"line":326,"column":27}},"179":{"start":{"line":327,"column":12},"end":{"line":327,"column":38}},"180":{"start":{"line":330,"column":10},"end":{"line":330,"column":25}},"181":{"start":{"line":331,"column":10},"end":{"line":331,"column":42}},"182":{"start":{"line":339,"column":17},"end":{"line":339,"column":32}},"183":{"start":{"line":340,"column":18},"end":{"line":340,"column":36}},"184":{"start":{"line":341,"column":16},"end":{"line":341,"column":30}},"185":{"start":{"line":342,"column":22},"end":{"line":342,"column":42}},"186":{"start":{"line":343,"column":21},"end":{"line":343,"column":79}},"187":{"start":{"line":344,"column":25},"end":{"line":344,"column":48}},"188":{"start":{"line":346,"column":17},"end":{"line":346,"column":26}},"189":{"start":{"line":348,"column":2},"end":{"line":358,"column":9}},"190":{"start":{"line":351,"column":8},"end":{"line":357,"column":9}},"191":{"start":{"line":352,"column":10},"end":{"line":352,"column":25}},"192":{"start":{"line":353,"column":10},"end":{"line":353,"column":36}},"193":{"start":{"line":355,"column":10},"end":{"line":355,"column":25}},"194":{"start":{"line":356,"column":10},"end":{"line":356,"column":32}},"195":{"start":{"line":362,"column":17},"end":{"line":362,"column":34}},"196":{"start":{"line":363,"column":17},"end":{"line":363,"column":32}},"197":{"start":{"line":366,"column":2},"end":{"line":375,"column":9}},"198":{"start":{"line":368,"column":8},"end":{"line":374,"column":9}},"199":{"start":{"line":369,"column":10},"end":{"line":369,"column":25}},"200":{"start":{"line":370,"column":10},"end":{"line":370,"column":36}},"201":{"start":{"line":372,"column":10},"end":{"line":372,"column":25}},"202":{"start":{"line":373,"column":10},"end":{"line":373,"column":27}},"203":{"start":{"line":379,"column":17},"end":{"line":379,"column":34}},"204":{"start":{"line":380,"column":2},"end":{"line":388,"column":5}},"205":{"start":{"line":381,"column":4},"end":{"line":387,"column":5}},"206":{"start":{"line":382,"column":6},"end":{"line":382,"column":21}},"207":{"start":{"line":383,"column":6},"end":{"line":383,"column":32}},"208":{"start":{"line":385,"column":6},"end":{"line":385,"column":21}},"209":{"start":{"line":386,"column":6},"end":{"line":386,"column":23}},"210":{"start":{"line":392,"column":17},"end":{"line":392,"column":34}},"211":{"start":{"line":393,"column":17},"end":{"line":393,"column":32}},"212":{"start":{"line":394,"column":2},"end":{"line":408,"column":9}},"213":{"start":{"line":396,"column":8},"end":{"line":407,"column":9}},"214":{"start":{"line":397,"column":10},"end":{"line":403,"column":11}},"215":{"start":{"line":398,"column":12},"end":{"line":398,"column":27}},"216":{"start":{"line":399,"column":12},"end":{"line":399,"column":51}},"217":{"start":{"line":401,"column":12},"end":{"line":401,"column":27}},"218":{"start":{"line":402,"column":12},"end":{"line":402,"column":38}},"219":{"start":{"line":405,"column":10},"end":{"line":405,"column":25}},"220":{"start":{"line":406,"column":10},"end":{"line":406,"column":51}},"221":{"start":{"line":412,"column":17},"end":{"line":412,"column":32}},"222":{"start":{"line":413,"column":2},"end":{"line":421,"column":9}},"223":{"start":{"line":414,"column":8},"end":{"line":420,"column":9}},"224":{"start":{"line":415,"column":10},"end":{"line":415,"column":25}},"225":{"start":{"line":416,"column":10},"end":{"line":416,"column":36}},"226":{"start":{"line":418,"column":10},"end":{"line":418,"column":25}},"227":{"start":{"line":419,"column":10},"end":{"line":419,"column":27}},"228":{"start":{"line":426,"column":20},"end":{"line":426,"column":40}},"229":{"start":{"line":427,"column":17},"end":{"line":427,"column":32}},"230":{"start":{"line":428,"column":2},"end":{"line":437,"column":9}},"231":{"start":{"line":430,"column":8},"end":{"line":436,"column":9}},"232":{"start":{"line":431,"column":10},"end":{"line":431,"column":25}},"233":{"start":{"line":432,"column":10},"end":{"line":432,"column":36}},"234":{"start":{"line":434,"column":10},"end":{"line":434,"column":25}},"235":{"start":{"line":435,"column":10},"end":{"line":435,"column":27}},"236":{"start":{"line":441,"column":17},"end":{"line":441,"column":32}},"237":{"start":{"line":442,"column":2},"end":{"line":453,"column":9}},"238":{"start":{"line":446,"column":8},"end":{"line":452,"column":9}},"239":{"start":{"line":447,"column":10},"end":{"line":447,"column":25}},"240":{"start":{"line":448,"column":10},"end":{"line":448,"column":36}},"241":{"start":{"line":450,"column":10},"end":{"line":450,"column":25}},"242":{"start":{"line":451,"column":10},"end":{"line":451,"column":27}},"243":{"start":{"line":457,"column":18},"end":{"line":457,"column":36}},"244":{"start":{"line":458,"column":2},"end":{"line":471,"column":9}},"245":{"start":{"line":464,"column":8},"end":{"line":470,"column":9}},"246":{"start":{"line":465,"column":10},"end":{"line":465,"column":25}},"247":{"start":{"line":466,"column":10},"end":{"line":466,"column":36}},"248":{"start":{"line":468,"column":10},"end":{"line":468,"column":25}},"249":{"start":{"line":469,"column":10},"end":{"line":469,"column":30}},"250":{"start":{"line":474,"column":0},"end":{"line":495,"column":4}}},"fnMap":{"0":{"name":"checkCookie","decl":{"start":{"line":22,"column":15},"end":{"line":22,"column":26}},"loc":{"start":{"line":22,"column":42},"end":{"line":69,"column":1}},"line":22},"1":{"name":"(anonymous_1)","decl":{"start":{"line":49,"column":35},"end":{"line":49,"column":36}},"loc":{"start":{"line":49,"column":69},"end":{"line":65,"column":9}},"line":49},"2":{"name":"createUser","decl":{"start":{"line":71,"column":15},"end":{"line":71,"column":25}},"loc":{"start":{"line":71,"column":35},"end":{"line":104,"column":1}},"line":71},"3":{"name":"(anonymous_3)","decl":{"start":{"line":77,"column":106},"end":{"line":77,"column":107}},"loc":{"start":{"line":77,"column":140},"end":{"line":103,"column":5}},"line":77},"4":{"name":"loginUser","decl":{"start":{"line":106,"column":15},"end":{"line":106,"column":24}},"loc":{"start":{"line":106,"column":34},"end":{"line":140,"column":1}},"line":106},"5":{"name":"(anonymous_5)","decl":{"start":{"line":110,"column":31},"end":{"line":110,"column":32}},"loc":{"start":{"line":110,"column":65},"end":{"line":139,"column":5}},"line":110},"6":{"name":"logout","decl":{"start":{"line":142,"column":15},"end":{"line":142,"column":21}},"loc":{"start":{"line":142,"column":31},"end":{"line":146,"column":1}},"line":142},"7":{"name":"updateUser","decl":{"start":{"line":148,"column":15},"end":{"line":148,"column":25}},"loc":{"start":{"line":148,"column":35},"end":{"line":165,"column":1}},"line":148},"8":{"name":"(anonymous_8)","decl":{"start":{"line":156,"column":32},"end":{"line":156,"column":33}},"loc":{"start":{"line":156,"column":66},"end":{"line":164,"column":3}},"line":156},"9":{"name":"changePassword","decl":{"start":{"line":167,"column":15},"end":{"line":167,"column":29}},"loc":{"start":{"line":167,"column":39},"end":{"line":196,"column":1}},"line":167},"10":{"name":"(anonymous_10)","decl":{"start":{"line":174,"column":32},"end":{"line":174,"column":33}},"loc":{"start":{"line":174,"column":66},"end":{"line":195,"column":3}},"line":174},"11":{"name":"deleteUser","decl":{"start":{"line":198,"column":15},"end":{"line":198,"column":25}},"loc":{"start":{"line":198,"column":35},"end":{"line":211,"column":1}},"line":198},"12":{"name":"(anonymous_12)","decl":{"start":{"line":201,"column":2},"end":{"line":201,"column":3}},"loc":{"start":{"line":201,"column":36},"end":{"line":210,"column":3}},"line":201},"13":{"name":"userInfo","decl":{"start":{"line":213,"column":15},"end":{"line":213,"column":23}},"loc":{"start":{"line":213,"column":33},"end":{"line":230,"column":1}},"line":213},"14":{"name":"(anonymous_14)","decl":{"start":{"line":216,"column":2},"end":{"line":216,"column":3}},"loc":{"start":{"line":216,"column":36},"end":{"line":229,"column":3}},"line":216},"15":{"name":"createGroup","decl":{"start":{"line":232,"column":15},"end":{"line":232,"column":26}},"loc":{"start":{"line":232,"column":36},"end":{"line":283,"column":1}},"line":232},"16":{"name":"(anonymous_16)","decl":{"start":{"line":242,"column":53},"end":{"line":242,"column":54}},"loc":{"start":{"line":242,"column":87},"end":{"line":282,"column":6}},"line":242},"17":{"name":"(anonymous_17)","decl":{"start":{"line":253,"column":48},"end":{"line":253,"column":49}},"loc":{"start":{"line":253,"column":80},"end":{"line":281,"column":9}},"line":253},"18":{"name":"(anonymous_18)","decl":{"start":{"line":259,"column":54},"end":{"line":259,"column":55}},"loc":{"start":{"line":259,"column":86},"end":{"line":279,"column":20}},"line":259},"19":{"name":"(anonymous_19)","decl":{"start":{"line":270,"column":42},"end":{"line":270,"column":43}},"loc":{"start":{"line":270,"column":74},"end":{"line":278,"column":23}},"line":270},"20":{"name":"getPublicGroups","decl":{"start":{"line":285,"column":15},"end":{"line":285,"column":30}},"loc":{"start":{"line":285,"column":40},"end":{"line":300,"column":1}},"line":285},"21":{"name":"(anonymous_21)","decl":{"start":{"line":291,"column":25},"end":{"line":291,"column":26}},"loc":{"start":{"line":291,"column":59},"end":{"line":299,"column":3}},"line":291},"22":{"name":"getTags","decl":{"start":{"line":302,"column":15},"end":{"line":302,"column":22}},"loc":{"start":{"line":302,"column":32},"end":{"line":312,"column":1}},"line":302},"23":{"name":"(anonymous_23)","decl":{"start":{"line":303,"column":40},"end":{"line":303,"column":41}},"loc":{"start":{"line":303,"column":74},"end":{"line":311,"column":3}},"line":303},"24":{"name":"createTag","decl":{"start":{"line":314,"column":15},"end":{"line":314,"column":24}},"loc":{"start":{"line":314,"column":34},"end":{"line":336,"column":1}},"line":314},"25":{"name":"(anonymous_25)","decl":{"start":{"line":320,"column":40},"end":{"line":320,"column":41}},"loc":{"start":{"line":320,"column":74},"end":{"line":333,"column":7}},"line":320},"26":{"name":"createPost","decl":{"start":{"line":338,"column":15},"end":{"line":338,"column":25}},"loc":{"start":{"line":338,"column":35},"end":{"line":359,"column":1}},"line":338},"27":{"name":"(anonymous_27)","decl":{"start":{"line":350,"column":108},"end":{"line":350,"column":109}},"loc":{"start":{"line":350,"column":142},"end":{"line":358,"column":7}},"line":350},"28":{"name":"flagPost","decl":{"start":{"line":361,"column":15},"end":{"line":361,"column":23}},"loc":{"start":{"line":361,"column":33},"end":{"line":376,"column":1}},"line":361},"29":{"name":"(anonymous_29)","decl":{"start":{"line":367,"column":28},"end":{"line":367,"column":29}},"loc":{"start":{"line":367,"column":62},"end":{"line":375,"column":7}},"line":367},"30":{"name":"deletePost","decl":{"start":{"line":378,"column":15},"end":{"line":378,"column":25}},"loc":{"start":{"line":378,"column":35},"end":{"line":389,"column":1}},"line":378},"31":{"name":"(anonymous_31)","decl":{"start":{"line":380,"column":76},"end":{"line":380,"column":77}},"loc":{"start":{"line":380,"column":110},"end":{"line":388,"column":3}},"line":380},"32":{"name":"hidePost","decl":{"start":{"line":391,"column":15},"end":{"line":391,"column":23}},"loc":{"start":{"line":391,"column":33},"end":{"line":409,"column":1}},"line":391},"33":{"name":"(anonymous_33)","decl":{"start":{"line":395,"column":43},"end":{"line":395,"column":44}},"loc":{"start":{"line":395,"column":77},"end":{"line":408,"column":7}},"line":395},"34":{"name":"getHidePost","decl":{"start":{"line":411,"column":15},"end":{"line":411,"column":26}},"loc":{"start":{"line":411,"column":36},"end":{"line":422,"column":1}},"line":411},"35":{"name":"(anonymous_35)","decl":{"start":{"line":413,"column":74},"end":{"line":413,"column":75}},"loc":{"start":{"line":413,"column":108},"end":{"line":421,"column":7}},"line":413},"36":{"name":"deleteComment","decl":{"start":{"line":425,"column":15},"end":{"line":425,"column":28}},"loc":{"start":{"line":425,"column":38},"end":{"line":438,"column":1}},"line":425},"37":{"name":"(anonymous_37)","decl":{"start":{"line":429,"column":2},"end":{"line":429,"column":3}},"loc":{"start":{"line":429,"column":36},"end":{"line":437,"column":7}},"line":429},"38":{"name":"groupRecommendation","decl":{"start":{"line":440,"column":15},"end":{"line":440,"column":34}},"loc":{"start":{"line":440,"column":44},"end":{"line":454,"column":1}},"line":440},"39":{"name":"(anonymous_39)","decl":{"start":{"line":445,"column":2},"end":{"line":445,"column":3}},"loc":{"start":{"line":445,"column":36},"end":{"line":453,"column":7}},"line":445},"40":{"name":"groupAnalytic","decl":{"start":{"line":456,"column":15},"end":{"line":456,"column":28}},"loc":{"start":{"line":456,"column":38},"end":{"line":472,"column":1}},"line":456},"41":{"name":"(anonymous_41)","decl":{"start":{"line":463,"column":2},"end":{"line":463,"column":3}},"loc":{"start":{"line":463,"column":36},"end":{"line":471,"column":7}},"line":463}},"branchMap":{"0":{"loc":{"start":{"line":24,"column":4},"end":{"line":67,"column":5}},"type":"if","locations":[{"start":{"line":24,"column":4},"end":{"line":67,"column":5}},{"start":{"line":27,"column":11},"end":{"line":67,"column":5}}],"line":24},"1":{"loc":{"start":{"line":43,"column":6},"end":{"line":66,"column":7}},"type":"if","locations":[{"start":{"line":43,"column":6},"end":{"line":66,"column":7}},{"start":{"line":47,"column":13},"end":{"line":66,"column":7}}],"line":43},"2":{"loc":{"start":{"line":43,"column":10},"end":{"line":43,"column":32}},"type":"binary-expr","locations":[{"start":{"line":43,"column":10},"end":{"line":43,"column":19}},{"start":{"line":43,"column":23},"end":{"line":43,"column":32}}],"line":43},"3":{"loc":{"start":{"line":50,"column":10},"end":{"line":64,"column":11}},"type":"if","locations":[{"start":{"line":50,"column":10},"end":{"line":64,"column":11}},{"start":{"line":53,"column":17},"end":{"line":64,"column":11}}],"line":50},"4":{"loc":{"start":{"line":53,"column":17},"end":{"line":64,"column":11}},"type":"if","locations":[{"start":{"line":53,"column":17},"end":{"line":64,"column":11}},{"start":{"line":56,"column":17},"end":{"line":64,"column":11}}],"line":53},"5":{"loc":{"start":{"line":57,"column":14},"end":{"line":63,"column":15}},"type":"if","locations":[{"start":{"line":57,"column":14},"end":{"line":63,"column":15}},{"start":{"line":60,"column":21},"end":{"line":63,"column":15}}],"line":57},"6":{"loc":{"start":{"line":57,"column":18},"end":{"line":57,"column":94}},"type":"binary-expr","locations":[{"start":{"line":57,"column":18},"end":{"line":57,"column":50}},{"start":{"line":57,"column":54},"end":{"line":57,"column":94}}],"line":57},"7":{"loc":{"start":{"line":78,"column":6},"end":{"line":102,"column":7}},"type":"if","locations":[{"start":{"line":78,"column":6},"end":{"line":102,"column":7}},{"start":{"line":86,"column":13},"end":{"line":102,"column":7}}],"line":78},"8":{"loc":{"start":{"line":79,"column":8},"end":{"line":85,"column":9}},"type":"if","locations":[{"start":{"line":79,"column":8},"end":{"line":85,"column":9}},{"start":{"line":82,"column":15},"end":{"line":85,"column":9}}],"line":79},"9":{"loc":{"start":{"line":86,"column":13},"end":{"line":102,"column":7}},"type":"if","locations":[{"start":{"line":86,"column":13},"end":{"line":102,"column":7}},{"start":{},"end":{}}],"line":86},"10":{"loc":{"start":{"line":111,"column":6},"end":{"line":138,"column":7}},"type":"if","locations":[{"start":{"line":111,"column":6},"end":{"line":138,"column":7}},{"start":{"line":114,"column":13},"end":{"line":138,"column":7}}],"line":111},"11":{"loc":{"start":{"line":114,"column":13},"end":{"line":138,"column":7}},"type":"if","locations":[{"start":{"line":114,"column":13},"end":{"line":138,"column":7}},{"start":{"line":117,"column":13},"end":{"line":138,"column":7}}],"line":114},"12":{"loc":{"start":{"line":118,"column":10},"end":{"line":137,"column":11}},"type":"if","locations":[{"start":{"line":118,"column":10},"end":{"line":137,"column":11}},{"start":{"line":134,"column":17},"end":{"line":137,"column":11}}],"line":118},"13":{"loc":{"start":{"line":118,"column":14},"end":{"line":118,"column":90}},"type":"binary-expr","locations":[{"start":{"line":118,"column":14},"end":{"line":118,"column":46}},{"start":{"line":118,"column":50},"end":{"line":118,"column":90}}],"line":118},"14":{"loc":{"start":{"line":149,"column":16},"end":{"line":149,"column":40}},"type":"binary-expr","locations":[{"start":{"line":149,"column":16},"end":{"line":149,"column":30}},{"start":{"line":149,"column":34},"end":{"line":149,"column":40}}],"line":149},"15":{"loc":{"start":{"line":150,"column":16},"end":{"line":150,"column":40}},"type":"binary-expr","locations":[{"start":{"line":150,"column":16},"end":{"line":150,"column":30}},{"start":{"line":150,"column":34},"end":{"line":150,"column":40}}],"line":150},"16":{"loc":{"start":{"line":151,"column":15},"end":{"line":151,"column":38}},"type":"binary-expr","locations":[{"start":{"line":151,"column":15},"end":{"line":151,"column":28}},{"start":{"line":151,"column":32},"end":{"line":151,"column":38}}],"line":151},"17":{"loc":{"start":{"line":152,"column":17},"end":{"line":152,"column":40}},"type":"binary-expr","locations":[{"start":{"line":152,"column":17},"end":{"line":152,"column":30}},{"start":{"line":152,"column":34},"end":{"line":152,"column":40}}],"line":152},"18":{"loc":{"start":{"line":157,"column":4},"end":{"line":163,"column":5}},"type":"if","locations":[{"start":{"line":157,"column":4},"end":{"line":163,"column":5}},{"start":{"line":160,"column":11},"end":{"line":163,"column":5}}],"line":157},"19":{"loc":{"start":{"line":175,"column":4},"end":{"line":194,"column":5}},"type":"if","locations":[{"start":{"line":175,"column":4},"end":{"line":194,"column":5}},{"start":{"line":178,"column":11},"end":{"line":194,"column":5}}],"line":175},"20":{"loc":{"start":{"line":202,"column":4},"end":{"line":209,"column":5}},"type":"if","locations":[{"start":{"line":202,"column":4},"end":{"line":209,"column":5}},{"start":{"line":205,"column":11},"end":{"line":209,"column":5}}],"line":202},"21":{"loc":{"start":{"line":217,"column":4},"end":{"line":228,"column":5}},"type":"if","locations":[{"start":{"line":217,"column":4},"end":{"line":228,"column":5}},{"start":{"line":220,"column":11},"end":{"line":228,"column":5}}],"line":217},"22":{"loc":{"start":{"line":221,"column":6},"end":{"line":227,"column":7}},"type":"if","locations":[{"start":{"line":221,"column":6},"end":{"line":227,"column":7}},{"start":{"line":224,"column":13},"end":{"line":227,"column":7}}],"line":221},"23":{"loc":{"start":{"line":238,"column":19},"end":{"line":238,"column":53}},"type":"cond-expr","locations":[{"start":{"line":238,"column":41},"end":{"line":238,"column":45}},{"start":{"line":238,"column":48},"end":{"line":238,"column":53}}],"line":238},"24":{"loc":{"start":{"line":243,"column":6},"end":{"line":282,"column":5}},"type":"if","locations":[{"start":{"line":243,"column":6},"end":{"line":282,"column":5}},{"start":{"line":251,"column":13},"end":{"line":282,"column":5}}],"line":243},"25":{"loc":{"start":{"line":244,"column":8},"end":{"line":250,"column":9}},"type":"if","locations":[{"start":{"line":244,"column":8},"end":{"line":250,"column":9}},{"start":{"line":247,"column":15},"end":{"line":250,"column":9}}],"line":244},"26":{"loc":{"start":{"line":254,"column":14},"end":{"line":280,"column":15}},"type":"if","locations":[{"start":{"line":254,"column":14},"end":{"line":280,"column":15}},{"start":{"line":257,"column":21},"end":{"line":280,"column":15}}],"line":254},"27":{"loc":{"start":{"line":260,"column":20},"end":{"line":279,"column":19}},"type":"if","locations":[{"start":{"line":260,"column":20},"end":{"line":279,"column":19}},{"start":{"line":263,"column":27},"end":{"line":279,"column":19}}],"line":260},"28":{"loc":{"start":{"line":271,"column":26},"end":{"line":277,"column":27}},"type":"if","locations":[{"start":{"line":271,"column":26},"end":{"line":277,"column":27}},{"start":{"line":274,"column":33},"end":{"line":277,"column":27}}],"line":271},"29":{"loc":{"start":{"line":292,"column":4},"end":{"line":298,"column":5}},"type":"if","locations":[{"start":{"line":292,"column":4},"end":{"line":298,"column":5}},{"start":{"line":295,"column":10},"end":{"line":298,"column":5}}],"line":292},"30":{"loc":{"start":{"line":304,"column":4},"end":{"line":310,"column":5}},"type":"if","locations":[{"start":{"line":304,"column":4},"end":{"line":310,"column":5}},{"start":{"line":307,"column":10},"end":{"line":310,"column":5}}],"line":304},"31":{"loc":{"start":{"line":316,"column":2},"end":{"line":334,"column":3}},"type":"if","locations":[{"start":{"line":316,"column":2},"end":{"line":334,"column":3}},{"start":{},"end":{}}],"line":316},"32":{"loc":{"start":{"line":321,"column":8},"end":{"line":332,"column":9}},"type":"if","locations":[{"start":{"line":321,"column":8},"end":{"line":332,"column":9}},{"start":{"line":329,"column":15},"end":{"line":332,"column":9}}],"line":321},"33":{"loc":{"start":{"line":322,"column":10},"end":{"line":328,"column":11}},"type":"if","locations":[{"start":{"line":322,"column":10},"end":{"line":328,"column":11}},{"start":{"line":325,"column":17},"end":{"line":328,"column":11}}],"line":322},"34":{"loc":{"start":{"line":343,"column":21},"end":{"line":343,"column":79}},"type":"cond-expr","locations":[{"start":{"line":343,"column":43},"end":{"line":343,"column":70}},{"start":{"line":343,"column":73},"end":{"line":343,"column":79}}],"line":343},"35":{"loc":{"start":{"line":351,"column":8},"end":{"line":357,"column":9}},"type":"if","locations":[{"start":{"line":351,"column":8},"end":{"line":357,"column":9}},{"start":{"line":354,"column":15},"end":{"line":357,"column":9}}],"line":351},"36":{"loc":{"start":{"line":368,"column":8},"end":{"line":374,"column":9}},"type":"if","locations":[{"start":{"line":368,"column":8},"end":{"line":374,"column":9}},{"start":{"line":371,"column":15},"end":{"line":374,"column":9}}],"line":368},"37":{"loc":{"start":{"line":381,"column":4},"end":{"line":387,"column":5}},"type":"if","locations":[{"start":{"line":381,"column":4},"end":{"line":387,"column":5}},{"start":{"line":384,"column":11},"end":{"line":387,"column":5}}],"line":381},"38":{"loc":{"start":{"line":396,"column":8},"end":{"line":407,"column":9}},"type":"if","locations":[{"start":{"line":396,"column":8},"end":{"line":407,"column":9}},{"start":{"line":404,"column":15},"end":{"line":407,"column":9}}],"line":396},"39":{"loc":{"start":{"line":397,"column":10},"end":{"line":403,"column":11}},"type":"if","locations":[{"start":{"line":397,"column":10},"end":{"line":403,"column":11}},{"start":{"line":400,"column":17},"end":{"line":403,"column":11}}],"line":397},"40":{"loc":{"start":{"line":414,"column":8},"end":{"line":420,"column":9}},"type":"if","locations":[{"start":{"line":414,"column":8},"end":{"line":420,"column":9}},{"start":{"line":417,"column":15},"end":{"line":420,"column":9}}],"line":414},"41":{"loc":{"start":{"line":430,"column":8},"end":{"line":436,"column":9}},"type":"if","locations":[{"start":{"line":430,"column":8},"end":{"line":436,"column":9}},{"start":{"line":433,"column":15},"end":{"line":436,"column":9}}],"line":430},"42":{"loc":{"start":{"line":446,"column":8},"end":{"line":452,"column":9}},"type":"if","locations":[{"start":{"line":446,"column":8},"end":{"line":452,"column":9}},{"start":{"line":449,"column":15},"end":{"line":452,"column":9}}],"line":446},"43":{"loc":{"start":{"line":464,"column":8},"end":{"line":470,"column":9}},"type":"if","locations":[{"start":{"line":464,"column":8},"end":{"line":470,"column":9}},{"start":{"line":467,"column":15},"end":{"line":470,"column":9}}],"line":464}},"s":{"0":1,"1":1,"2":1,"3":1,"4":1,"5":1,"6":1,"7":1,"8":1,"9":1,"10":1,"11":1,"12":12,"13":12,"14":0,"15":0,"16":12,"17":12,"18":12,"19":12,"20":0,"21":0,"22":0,"23":12,"24":12,"25":12,"26":0,"27":0,"28":0,"29":12,"30":12,"31":0,"32":0,"33":12,"34":0,"35":0,"36":12,"37":12,"38":12,"39":0,"40":0,"41":2,"42":2,"43":2,"44":2,"45":2,"46":2,"47":1,"48":1,"49":1,"50":0,"51":0,"52":1,"53":1,"54":1,"55":1,"56":1,"57":1,"58":1,"59":1,"60":1,"61":1,"62":1,"63":1,"64":0,"65":0,"66":1,"67":0,"68":0,"69":1,"70":1,"71":1,"72":1,"73":1,"74":1,"75":1,"76":1,"77":0,"78":0,"79":0,"80":0,"81":0,"82":1,"83":1,"84":1,"85":1,"86":1,"87":1,"88":1,"89":0,"90":0,"91":1,"92":1,"93":1,"94":1,"95":1,"96":1,"97":1,"98":0,"99":0,"100":1,"101":1,"102":1,"103":1,"104":1,"105":1,"106":1,"107":0,"108":0,"109":0,"110":0,"111":0,"112":0,"113":0,"114":0,"115":1,"116":1,"117":1,"118":0,"119":0,"120":1,"121":0,"122":0,"123":1,"124":1,"125":1,"126":1,"127":1,"128":1,"129":1,"130":1,"131":1,"132":1,"133":0,"134":0,"135":0,"136":0,"137":0,"138":1,"139":1,"140":0,"141":0,"142":1,"143":1,"144":0,"145":0,"146":1,"147":1,"148":1,"149":1,"150":0,"151":1,"152":1,"153":1,"154":0,"155":0,"156":1,"157":1,"158":1,"159":1,"160":0,"161":0,"162":1,"163":1,"164":0,"165":0,"166":0,"167":0,"168":0,"169":0,"170":1,"171":1,"172":1,"173":1,"174":1,"175":0,"176":0,"177":0,"178":0,"179":0,"180":1,"181":1,"182":1,"183":1,"184":1,"185":1,"186":1,"187":1,"188":1,"189":1,"190":1,"191":0,"192":0,"193":1,"194":1,"195":1,"196":1,"197":1,"198":1,"199":0,"200":0,"201":1,"202":1,"203":1,"204":1,"205":1,"206":0,"207":0,"208":1,"209":1,"210":1,"211":1,"212":1,"213":1,"214":0,"215":0,"216":0,"217":0,"218":0,"219":1,"220":1,"221":0,"222":0,"223":0,"224":0,"225":0,"226":0,"227":0,"228":0,"229":0,"230":0,"231":0,"232":0,"233":0,"234":0,"235":0,"236":1,"237":1,"238":1,"239":0,"240":0,"241":1,"242":1,"243":1,"244":1,"245":1,"246":0,"247":0,"248":1,"249":1,"250":1},"f":{"0":12,"1":12,"2":2,"3":2,"4":1,"5":1,"6":0,"7":1,"8":1,"9":1,"10":1,"11":0,"12":0,"13":1,"14":1,"15":1,"16":1,"17":1,"18":1,"19":1,"20":1,"21":1,"22":0,"23":0,"24":1,"25":1,"26":1,"27":1,"28":1,"29":1,"30":1,"31":1,"32":1,"33":1,"34":0,"35":0,"36":0,"37":0,"38":1,"39":1,"40":1,"41":1},"b":{"0":[0,12],"1":[0,12],"2":[12,12],"3":[0,12],"4":[0,12],"5":[12,0],"6":[12,12],"7":[1,1],"8":[1,0],"9":[1,0],"10":[0,1],"11":[0,1],"12":[1,0],"13":[1,1],"14":[1,0],"15":[1,1],"16":[1,1],"17":[1,1],"18":[0,1],"19":[0,1],"20":[0,0],"21":[0,1],"22":[0,1],"23":[1,0],"24":[0,1],"25":[0,0],"26":[0,1],"27":[0,1],"28":[0,1],"29":[0,1],"30":[0,0],"31":[1,0],"32":[0,1],"33":[0,0],"34":[0,1],"35":[0,1],"36":[0,1],"37":[0,1],"38":[0,1],"39":[0,0],"40":[0,0],"41":[0,0],"42":[0,1],"43":[0,1]},"_coverageSchema":"1a1c01bbd47fc00a2c39e90264f33305004495a9","hash":"f2e5797b842a7bbd401fc06298f34612e3c69957"}
,"/Users/yuchenwang/cis557/fall-2021-project-group-centric-social-network-team-30/server/server.js": {"path":"/Users/yuchenwang/cis557/fall-2021-project-group-centric-social-network-team-30/server/server.js","statementMap":{"0":{"start":{"line":1,"column":16},"end":{"line":1,"column":34}},"1":{"start":{"line":2,"column":12},"end":{"line":2,"column":21}},"2":{"start":{"line":3,"column":15},"end":{"line":3,"column":34}},"3":{"start":{"line":4,"column":21},"end":{"line":4,"column":45}},"4":{"start":{"line":5,"column":15},"end":{"line":5,"column":32}},"5":{"start":{"line":7,"column":13},"end":{"line":7,"column":28}},"6":{"start":{"line":9,"column":0},"end":{"line":9,"column":24}},"7":{"start":{"line":10,"column":0},"end":{"line":10,"column":18}},"8":{"start":{"line":11,"column":0},"end":{"line":11,"column":24}},"9":{"start":{"line":12,"column":0},"end":{"line":16,"column":2}},"10":{"start":{"line":18,"column":0},"end":{"line":20,"column":4}},"11":{"start":{"line":23,"column":0},"end":{"line":23,"column":41}},"12":{"start":{"line":24,"column":0},"end":{"line":24,"column":40}},"13":{"start":{"line":25,"column":0},"end":{"line":25,"column":57}},"14":{"start":{"line":27,"column":0},"end":{"line":27,"column":60}},"15":{"start":{"line":28,"column":0},"end":{"line":28,"column":73}},"16":{"start":{"line":29,"column":0},"end":{"line":29,"column":63}},"17":{"start":{"line":31,"column":0},"end":{"line":31,"column":68}},"18":{"start":{"line":33,"column":0},"end":{"line":33,"column":65}},"19":{"start":{"line":34,"column":0},"end":{"line":34,"column":55}},"20":{"start":{"line":36,"column":0},"end":{"line":36,"column":62}},"21":{"start":{"line":37,"column":0},"end":{"line":37,"column":58}},"22":{"start":{"line":39,"column":0},"end":{"line":39,"column":77}},"23":{"start":{"line":40,"column":0},"end":{"line":40,"column":71}},"24":{"start":{"line":41,"column":0},"end":{"line":41,"column":72}},"25":{"start":{"line":42,"column":0},"end":{"line":42,"column":72}},"26":{"start":{"line":43,"column":0},"end":{"line":43,"column":66}},"27":{"start":{"line":45,"column":0},"end":{"line":45,"column":80}},"28":{"start":{"line":47,"column":0},"end":{"line":47,"column":83}},"29":{"start":{"line":49,"column":0},"end":{"line":49,"column":80}},"30":{"start":{"line":51,"column":0},"end":{"line":53,"column":2}},"31":{"start":{"line":52,"column":2},"end":{"line":52,"column":26}},"32":{"start":{"line":55,"column":13},"end":{"line":55,"column":37}},"33":{"start":{"line":57,"column":0},"end":{"line":59,"column":2}},"34":{"start":{"line":58,"column":2},"end":{"line":58,"column":66}},"35":{"start":{"line":61,"column":0},"end":{"line":61,"column":21}}},"fnMap":{"0":{"name":"(anonymous_0)","decl":{"start":{"line":51,"column":13},"end":{"line":51,"column":14}},"loc":{"start":{"line":51,"column":27},"end":{"line":53,"column":1}},"line":51},"1":{"name":"(anonymous_1)","decl":{"start":{"line":57,"column":17},"end":{"line":57,"column":18}},"loc":{"start":{"line":57,"column":23},"end":{"line":59,"column":1}},"line":57}},"branchMap":{"0":{"loc":{"start":{"line":55,"column":13},"end":{"line":55,"column":37}},"type":"binary-expr","locations":[{"start":{"line":55,"column":13},"end":{"line":55,"column":29}},{"start":{"line":55,"column":33},"end":{"line":55,"column":37}}],"line":55}},"s":{"0":1,"1":1,"2":1,"3":1,"4":1,"5":1,"6":1,"7":1,"8":1,"9":1,"10":1,"11":1,"12":1,"13":1,"14":1,"15":1,"16":1,"17":1,"18":1,"19":1,"20":1,"21":1,"22":1,"23":1,"24":1,"25":1,"26":1,"27":1,"28":1,"29":1,"30":1,"31":0,"32":1,"33":1,"34":1,"35":1},"f":{"0":0,"1":1},"b":{"0":[1,1]},"_coverageSchema":"1a1c01bbd47fc00a2c39e90264f33305004495a9","hash":"a6a5ea70d24a076a420126829fe0ce26ccb2d32d"}
}
