TN:
SF:routes.js
FN:22,checkCookie
FN:49,(anonymous_1)
FN:71,createUser
FN:77,(anonymous_3)
FN:106,loginUser
FN:110,(anonymous_5)
FN:142,logout
FN:148,updateUser
FN:156,(anonymous_8)
FN:167,changePassword
FN:174,(anonymous_10)
FN:198,deleteUser
FN:201,(anonymous_12)
FN:213,userInfo
FN:216,(anonymous_14)
FN:232,createGroup
FN:242,(anonymous_16)
FN:253,(anonymous_17)
FN:259,(anonymous_18)
FN:270,(anonymous_19)
FN:285,getPublicGroups
FN:291,(anonymous_21)
FN:302,getTags
FN:303,(anonymous_23)
FN:314,createTag
FN:320,(anonymous_25)
FN:338,createPost
FN:350,(anonymous_27)
FN:361,flagPost
FN:367,(anonymous_29)
FN:378,deletePost
FN:380,(anonymous_31)
FN:391,hidePost
FN:395,(anonymous_33)
FN:411,getHidePost
FN:413,(anonymous_35)
FN:425,deleteComment
FN:429,(anonymous_37)
FN:440,groupRecommendation
FN:445,(anonymous_39)
FN:456,groupAnalytic
FN:463,(anonymous_41)
FNF:42
FNH:33
FNDA:12,checkCookie
FNDA:12,(anonymous_1)
FNDA:2,createUser
FNDA:2,(anonymous_3)
FNDA:1,loginUser
FNDA:1,(anonymous_5)
FNDA:0,logout
FNDA:1,updateUser
FNDA:1,(anonymous_8)
FNDA:1,changePassword
FNDA:1,(anonymous_10)
FNDA:0,deleteUser
FNDA:0,(anonymous_12)
FNDA:1,userInfo
FNDA:1,(anonymous_14)
FNDA:1,createGroup
FNDA:1,(anonymous_16)
FNDA:1,(anonymous_17)
FNDA:1,(anonymous_18)
FNDA:1,(anonymous_19)
FNDA:1,getPublicGroups
FNDA:1,(anonymous_21)
FNDA:0,getTags
FNDA:0,(anonymous_23)
FNDA:1,createTag
FNDA:1,(anonymous_25)
FNDA:1,createPost
FNDA:1,(anonymous_27)
FNDA:1,flagPost
FNDA:1,(anonymous_29)
FNDA:1,deletePost
FNDA:1,(anonymous_31)
FNDA:1,hidePost
FNDA:1,(anonymous_33)
FNDA:0,getHidePost
FNDA:0,(anonymous_35)
FNDA:0,deleteComment
FNDA:0,(anonymous_37)
FNDA:1,groupRecommendation
FNDA:1,(anonymous_39)
FNDA:1,groupAnalytic
FNDA:1,(anonymous_41)
DA:1,1
DA:2,1
DA:3,1
DA:4,1
DA:5,1
DA:7,1
DA:8,1
DA:9,1
DA:10,1
DA:11,1
DA:13,1
DA:20,1
DA:23,12
DA:24,12
DA:25,0
DA:26,0
DA:28,12
DA:30,12
DA:32,12
DA:33,12
DA:35,0
DA:36,0
DA:37,0
DA:40,12
DA:41,12
DA:43,12
DA:44,0
DA:45,0
DA:46,0
DA:48,12
DA:50,12
DA:51,0
DA:52,0
DA:53,12
DA:54,0
DA:55,0
DA:57,12
DA:58,12
DA:59,12
DA:61,0
DA:62,0
DA:72,2
DA:73,2
DA:74,2
DA:75,2
DA:76,2
DA:78,2
DA:79,1
DA:80,1
DA:81,1
DA:83,0
DA:84,0
DA:86,1
DA:87,1
DA:88,1
DA:89,1
DA:93,1
DA:94,1
DA:95,1
DA:101,1
DA:107,1
DA:108,1
DA:109,1
DA:111,1
DA:112,0
DA:113,0
DA:114,1
DA:115,0
DA:116,0
DA:118,1
DA:119,1
DA:120,1
DA:124,1
DA:125,1
DA:126,1
DA:132,1
DA:133,1
DA:135,0
DA:136,0
DA:143,0
DA:144,0
DA:145,0
DA:149,1
DA:150,1
DA:151,1
DA:152,1
DA:153,1
DA:155,1
DA:157,1
DA:158,0
DA:159,0
DA:161,1
DA:162,1
DA:168,1
DA:169,1
DA:171,1
DA:173,1
DA:175,1
DA:176,0
DA:177,0
DA:179,1
DA:180,1
DA:181,1
DA:185,1
DA:186,1
DA:187,1
DA:193,1
DA:199,0
DA:200,0
DA:202,0
DA:203,0
DA:204,0
DA:206,0
DA:207,0
DA:208,0
DA:214,1
DA:215,1
DA:217,1
DA:218,0
DA:219,0
DA:221,1
DA:222,0
DA:223,0
DA:225,1
DA:226,1
DA:233,1
DA:235,1
DA:236,1
DA:237,1
DA:238,1
DA:239,1
DA:241,1
DA:243,1
DA:244,0
DA:245,0
DA:246,0
DA:248,0
DA:249,0
DA:252,1
DA:254,1
DA:255,0
DA:256,0
DA:258,1
DA:260,1
DA:261,0
DA:262,0
DA:264,1
DA:265,1
DA:266,1
DA:267,0
DA:269,1
DA:270,1
DA:271,1
DA:272,0
DA:273,0
DA:275,1
DA:276,1
DA:286,1
DA:292,1
DA:293,0
DA:294,0
DA:296,1
DA:297,1
DA:303,0
DA:304,0
DA:305,0
DA:306,0
DA:308,0
DA:309,0
DA:315,1
DA:316,1
DA:317,1
DA:319,1
DA:321,1
DA:322,0
DA:323,0
DA:324,0
DA:326,0
DA:327,0
DA:330,1
DA:331,1
DA:339,1
DA:340,1
DA:341,1
DA:342,1
DA:343,1
DA:344,1
DA:346,1
DA:348,1
DA:351,1
DA:352,0
DA:353,0
DA:355,1
DA:356,1
DA:362,1
DA:363,1
DA:366,1
DA:368,1
DA:369,0
DA:370,0
DA:372,1
DA:373,1
DA:379,1
DA:380,1
DA:381,1
DA:382,0
DA:383,0
DA:385,1
DA:386,1
DA:392,1
DA:393,1
DA:394,1
DA:396,1
DA:397,0
DA:398,0
DA:399,0
DA:401,0
DA:402,0
DA:405,1
DA:406,1
DA:412,0
DA:413,0
DA:414,0
DA:415,0
DA:416,0
DA:418,0
DA:419,0
DA:426,0
DA:427,0
DA:428,0
DA:430,0
DA:431,0
DA:432,0
DA:434,0
DA:435,0
DA:441,1
DA:442,1
DA:446,1
DA:447,0
DA:448,0
DA:450,1
DA:451,1
DA:457,1
DA:458,1
DA:464,1
DA:465,0
DA:466,0
DA:468,1
DA:469,1
DA:474,1
LF:250
LH:154
BRDA:24,0,0,0
BRDA:24,0,1,12
BRDA:43,1,0,0
BRDA:43,1,1,12
BRDA:43,2,0,12
BRDA:43,2,1,12
BRDA:50,3,0,0
BRDA:50,3,1,12
BRDA:53,4,0,0
BRDA:53,4,1,12
BRDA:57,5,0,12
BRDA:57,5,1,0
BRDA:57,6,0,12
BRDA:57,6,1,12
BRDA:78,7,0,1
BRDA:78,7,1,1
BRDA:79,8,0,1
BRDA:79,8,1,0
BRDA:86,9,0,1
BRDA:86,9,1,0
BRDA:111,10,0,0
BRDA:111,10,1,1
BRDA:114,11,0,0
BRDA:114,11,1,1
BRDA:118,12,0,1
BRDA:118,12,1,0
BRDA:118,13,0,1
BRDA:118,13,1,1
BRDA:149,14,0,1
BRDA:149,14,1,0
BRDA:150,15,0,1
BRDA:150,15,1,1
BRDA:151,16,0,1
BRDA:151,16,1,1
BRDA:152,17,0,1
BRDA:152,17,1,1
BRDA:157,18,0,0
BRDA:157,18,1,1
BRDA:175,19,0,0
BRDA:175,19,1,1
BRDA:202,20,0,0
BRDA:202,20,1,0
BRDA:217,21,0,0
BRDA:217,21,1,1
BRDA:221,22,0,0
BRDA:221,22,1,1
BRDA:238,23,0,1
BRDA:238,23,1,0
BRDA:243,24,0,0
BRDA:243,24,1,1
BRDA:244,25,0,0
BRDA:244,25,1,0
BRDA:254,26,0,0
BRDA:254,26,1,1
BRDA:260,27,0,0
BRDA:260,27,1,1
BRDA:271,28,0,0
BRDA:271,28,1,1
BRDA:292,29,0,0
BRDA:292,29,1,1
BRDA:304,30,0,0
BRDA:304,30,1,0
BRDA:316,31,0,1
BRDA:316,31,1,0
BRDA:321,32,0,0
BRDA:321,32,1,1
BRDA:322,33,0,0
BRDA:322,33,1,0
BRDA:343,34,0,0
BRDA:343,34,1,1
BRDA:351,35,0,0
BRDA:351,35,1,1
BRDA:368,36,0,0
BRDA:368,36,1,1
BRDA:381,37,0,0
BRDA:381,37,1,1
BRDA:396,38,0,0
BRDA:396,38,1,1
BRDA:397,39,0,0
BRDA:397,39,1,0
BRDA:414,40,0,0
BRDA:414,40,1,0
BRDA:430,41,0,0
BRDA:430,41,1,0
BRDA:446,42,0,0
BRDA:446,42,1,1
BRDA:464,43,0,0
BRDA:464,43,1,1
BRF:88
BRH:44
end_of_record
TN:
SF:server.js
FN:51,(anonymous_0)
FN:57,(anonymous_1)
FNF:2
FNH:1
FNDA:0,(anonymous_0)
FNDA:1,(anonymous_1)
DA:1,1
DA:2,1
DA:3,1
DA:4,1
DA:5,1
DA:7,1
DA:9,1
DA:10,1
DA:11,1
DA:12,1
DA:18,1
DA:23,1
DA:24,1
DA:25,1
DA:27,1
DA:28,1
DA:29,1
DA:31,1
DA:33,1
DA:34,1
DA:36,1
DA:37,1
DA:39,1
DA:40,1
DA:41,1
DA:42,1
DA:43,1
DA:45,1
DA:47,1
DA:49,1
DA:51,1
DA:52,0
DA:55,1
DA:57,1
DA:58,1
DA:61,1
LF:36
LH:35
BRDA:55,0,0,1
BRDA:55,0,1,1
BRF:2
BRH:2
end_of_record
