TN:
SF:routes.js
FN:20,checkCookie
FN:45,(anonymous_1)
FN:64,createUser
FN:69,(anonymous_3)
FN:98,loginUser
FN:101,(anonymous_5)
FN:131,logout
FN:137,updateUser
FN:145,(anonymous_8)
FN:156,changePassword
FN:163,(anonymous_10)
FN:187,deleteUser
FN:190,(anonymous_12)
FN:202,getUserInfo
FN:205,(anonymous_14)
FN:219,createGroup
FN:227,(anonymous_16)
FN:238,(anonymous_17)
FN:244,(anonymous_18)
FN:255,(anonymous_19)
FN:272,getPublicGroups
FN:278,(anonymous_21)
FN:289,getTags
FN:290,(anonymous_23)
FN:301,createTag
FN:307,(anonymous_25)
FN:324,createPost
FN:334,(anonymous_27)
FN:345,flagPost
FN:350,(anonymous_29)
FN:361,deletePost
FN:363,(anonymous_31)
FN:374,hidePost
FN:378,(anonymous_33)
FN:394,getHidePost
FN:396,(anonymous_35)
FN:407,deleteComment
FN:411,(anonymous_37)
FN:422,groupRecommendation
FN:426,(anonymous_39)
FN:437,groupAnalytic
FN:443,(anonymous_41)
FNF:42
FNH:35
FNDA:13,checkCookie
FNDA:13,(anonymous_1)
FNDA:2,createUser
FNDA:2,(anonymous_3)
FNDA:1,loginUser
FNDA:1,(anonymous_5)
FNDA:0,logout
FNDA:1,updateUser
FNDA:1,(anonymous_8)
FNDA:1,changePassword
FNDA:1,(anonymous_10)
FNDA:0,deleteUser
FNDA:0,(anonymous_12)
FNDA:1,getUserInfo
FNDA:1,(anonymous_14)
FNDA:1,createGroup
FNDA:1,(anonymous_16)
FNDA:1,(anonymous_17)
FNDA:1,(anonymous_18)
FNDA:1,(anonymous_19)
FNDA:1,getPublicGroups
FNDA:1,(anonymous_21)
FNDA:0,getTags
FNDA:0,(anonymous_23)
FNDA:1,createTag
FNDA:1,(anonymous_25)
FNDA:1,createPost
FNDA:1,(anonymous_27)
FNDA:1,flagPost
FNDA:1,(anonymous_29)
FNDA:1,deletePost
FNDA:1,(anonymous_31)
FNDA:1,hidePost
FNDA:1,(anonymous_33)
FNDA:1,getHidePost
FNDA:1,(anonymous_35)
FNDA:0,deleteComment
FNDA:0,(anonymous_37)
FNDA:1,groupRecommendation
FNDA:1,(anonymous_39)
FNDA:1,groupAnalytic
FNDA:1,(anonymous_41)
DA:1,1
DA:2,1
DA:3,1
DA:4,1
DA:5,1
DA:7,1
DA:8,1
DA:9,1
DA:11,1
DA:18,1
DA:21,13
DA:22,13
DA:23,0
DA:24,0
DA:26,13
DA:28,13
DA:30,13
DA:31,13
DA:33,0
DA:34,0
DA:35,0
DA:38,13
DA:40,13
DA:41,0
DA:42,0
DA:44,13
DA:46,13
DA:47,0
DA:48,0
DA:49,13
DA:50,0
DA:51,0
DA:52,13
DA:53,13
DA:54,13
DA:56,0
DA:57,0
DA:65,2
DA:66,2
DA:67,2
DA:68,2
DA:70,2
DA:71,1
DA:72,1
DA:73,1
DA:75,0
DA:76,0
DA:78,1
DA:79,1
DA:80,1
DA:81,1
DA:85,1
DA:86,1
DA:87,1
DA:93,1
DA:99,1
DA:100,1
DA:102,1
DA:103,0
DA:104,0
DA:105,1
DA:106,0
DA:107,0
DA:108,1
DA:109,1
DA:110,1
DA:114,1
DA:115,1
DA:116,1
DA:122,1
DA:123,1
DA:125,0
DA:126,0
DA:132,0
DA:133,0
DA:134,0
DA:138,1
DA:139,1
DA:140,1
DA:141,1
DA:142,1
DA:144,1
DA:146,1
DA:147,0
DA:148,0
DA:150,1
DA:151,1
DA:157,1
DA:158,1
DA:160,1
DA:162,1
DA:164,1
DA:165,0
DA:166,0
DA:168,1
DA:169,1
DA:170,1
DA:174,1
DA:175,1
DA:176,1
DA:182,1
DA:188,0
DA:189,0
DA:191,0
DA:192,0
DA:193,0
DA:195,0
DA:196,0
DA:197,0
DA:203,1
DA:204,1
DA:206,1
DA:207,0
DA:208,0
DA:209,1
DA:210,0
DA:211,0
DA:213,1
DA:214,1
DA:220,1
DA:222,1
DA:223,1
DA:224,1
DA:226,1
DA:228,1
DA:229,0
DA:230,0
DA:231,0
DA:233,0
DA:234,0
DA:237,1
DA:239,1
DA:240,0
DA:241,0
DA:243,1
DA:245,1
DA:246,0
DA:247,0
DA:249,1
DA:250,1
DA:251,1
DA:252,0
DA:254,1
DA:255,1
DA:256,1
DA:257,0
DA:258,0
DA:260,1
DA:261,1
DA:273,1
DA:279,1
DA:280,0
DA:281,0
DA:283,1
DA:284,1
DA:290,0
DA:291,0
DA:292,0
DA:293,0
DA:295,0
DA:296,0
DA:302,1
DA:303,1
DA:304,1
DA:306,1
DA:308,1
DA:309,0
DA:310,0
DA:311,0
DA:313,0
DA:314,0
DA:317,1
DA:318,1
DA:325,1
DA:326,1
DA:327,1
DA:328,1
DA:330,1
DA:332,1
DA:335,1
DA:336,0
DA:337,0
DA:339,1
DA:340,1
DA:346,1
DA:347,1
DA:349,1
DA:351,1
DA:352,0
DA:353,0
DA:355,1
DA:356,1
DA:362,1
DA:363,1
DA:364,1
DA:365,0
DA:366,0
DA:368,1
DA:369,1
DA:375,1
DA:376,1
DA:377,1
DA:379,1
DA:380,0
DA:381,0
DA:382,0
DA:384,0
DA:385,0
DA:388,1
DA:389,1
DA:395,1
DA:396,1
DA:397,1
DA:398,0
DA:399,0
DA:401,1
DA:402,1
DA:408,0
DA:409,0
DA:410,0
DA:412,0
DA:413,0
DA:414,0
DA:416,0
DA:417,0
DA:423,1
DA:424,1
DA:427,1
DA:428,0
DA:429,0
DA:431,1
DA:432,1
DA:438,1
DA:439,1
DA:444,1
DA:445,0
DA:446,0
DA:448,1
DA:449,1
DA:454,1
LF:240
LH:150
BRDA:22,0,0,0
BRDA:22,0,1,13
BRDA:40,1,0,0
BRDA:40,1,1,13
BRDA:40,2,0,13
BRDA:40,2,1,13
BRDA:46,3,0,0
BRDA:46,3,1,13
BRDA:49,4,0,0
BRDA:49,4,1,13
BRDA:52,5,0,13
BRDA:52,5,1,0
BRDA:52,6,0,13
BRDA:52,6,1,13
BRDA:70,7,0,1
BRDA:70,7,1,1
BRDA:71,8,0,1
BRDA:71,8,1,0
BRDA:78,9,0,1
BRDA:78,9,1,0
BRDA:102,10,0,0
BRDA:102,10,1,1
BRDA:105,11,0,0
BRDA:105,11,1,1
BRDA:108,12,0,1
BRDA:108,12,1,0
BRDA:108,13,0,1
BRDA:108,13,1,1
BRDA:138,14,0,1
BRDA:138,14,1,0
BRDA:139,15,0,1
BRDA:139,15,1,1
BRDA:140,16,0,1
BRDA:140,16,1,1
BRDA:141,17,0,1
BRDA:141,17,1,1
BRDA:146,18,0,0
BRDA:146,18,1,1
BRDA:164,19,0,0
BRDA:164,19,1,1
BRDA:191,20,0,0
BRDA:191,20,1,0
BRDA:206,21,0,0
BRDA:206,21,1,1
BRDA:209,22,0,0
BRDA:209,22,1,1
BRDA:228,23,0,0
BRDA:228,23,1,1
BRDA:229,24,0,0
BRDA:229,24,1,0
BRDA:239,25,0,0
BRDA:239,25,1,1
BRDA:245,26,0,0
BRDA:245,26,1,1
BRDA:256,27,0,0
BRDA:256,27,1,1
BRDA:279,28,0,0
BRDA:279,28,1,1
BRDA:291,29,0,0
BRDA:291,29,1,0
BRDA:303,30,0,1
BRDA:303,30,1,0
BRDA:308,31,0,0
BRDA:308,31,1,1
BRDA:309,32,0,0
BRDA:309,32,1,0
BRDA:328,33,0,0
BRDA:328,33,1,1
BRDA:335,34,0,0
BRDA:335,34,1,1
BRDA:351,35,0,0
BRDA:351,35,1,1
BRDA:364,36,0,0
BRDA:364,36,1,1
BRDA:379,37,0,0
BRDA:379,37,1,1
BRDA:380,38,0,0
BRDA:380,38,1,0
BRDA:397,39,0,0
BRDA:397,39,1,1
BRDA:412,40,0,0
BRDA:412,40,1,0
BRDA:427,41,0,0
BRDA:427,41,1,1
BRDA:444,42,0,0
BRDA:444,42,1,1
BRF:86
BRH:44
end_of_record
TN:
SF:server.js
FN:50,(anonymous_0)
FN:56,(anonymous_1)
FNF:2
FNH:1
FNDA:0,(anonymous_0)
FNDA:1,(anonymous_1)
DA:1,1
DA:2,1
DA:3,1
DA:4,1
DA:5,1
DA:7,1
DA:9,1
DA:10,1
DA:11,1
DA:12,1
DA:18,1
DA:22,1
DA:23,1
DA:24,1
DA:26,1
DA:27,1
DA:28,1
DA:30,1
DA:32,1
DA:33,1
DA:35,1
DA:36,1
DA:38,1
DA:39,1
DA:40,1
DA:41,1
DA:42,1
DA:44,1
DA:46,1
DA:48,1
DA:50,1
DA:51,0
DA:54,1
DA:56,1
DA:57,1
DA:60,1
LF:36
LH:35
BRDA:54,0,0,1
BRDA:54,0,1,1
BRF:2
BRH:2
end_of_record
